TN:
SF:C:\projetos-java\hackaton-stefanini-estatico\src\app\stefanini\stefanini.filters.js
FN:1,(anonymous_1)
FN:9,(anonymous_2)
FN:10,(anonymous_3)
FN:17,(anonymous_4)
FN:18,(anonymous_5)
FN:28,(anonymous_6)
FN:29,(anonymous_7)
FN:39,(anonymous_8)
FN:40,(anonymous_9)
FN:49,(anonymous_10)
FN:50,(anonymous_11)
FN:59,(anonymous_12)
FN:60,(anonymous_13)
FN:77,(anonymous_14)
FN:78,(anonymous_15)
FN:84,(anonymous_16)
FN:85,(anonymous_17)
FN:88,(anonymous_18)
FN:94,(anonymous_19)
FN:95,(anonymous_20)
FNF:20
FNH:14
FNDA:1,(anonymous_1)
FNDA:1,(anonymous_2)
FNDA:1,(anonymous_3)
FNDA:0,(anonymous_4)
FNDA:0,(anonymous_5)
FNDA:0,(anonymous_6)
FNDA:0,(anonymous_7)
FNDA:1,(anonymous_8)
FNDA:1,(anonymous_9)
FNDA:2,(anonymous_10)
FNDA:2,(anonymous_11)
FNDA:3,(anonymous_12)
FNDA:3,(anonymous_13)
FNDA:3,(anonymous_14)
FNDA:28,(anonymous_15)
FNDA:2,(anonymous_16)
FNDA:2,(anonymous_17)
FNDA:27,(anonymous_18)
FNDA:0,(anonymous_19)
FNDA:0,(anonymous_20)
DA:1,1
DA:4,1
DA:9,1
DA:10,1
DA:11,1
DA:17,1
DA:18,0
DA:19,0
DA:20,0
DA:28,1
DA:29,0
DA:30,0
DA:31,0
DA:39,1
DA:40,1
DA:41,1
DA:42,1
DA:49,1
DA:50,2
DA:51,2
DA:52,2
DA:53,2
DA:54,4
DA:55,2
DA:59,1
DA:60,3
DA:61,3
DA:63,3
DA:64,1
DA:67,2
DA:68,2
DA:70,2
DA:71,2
DA:73,0
DA:77,1
DA:78,3
DA:79,28
DA:80,28
DA:84,1
DA:85,2
DA:86,2
DA:87,2
DA:88,2
DA:89,27
DA:94,1
DA:95,0
DA:96,0
DA:97,0
DA:98,0
DA:99,0
DA:101,0
DA:102,0
DA:106,1
LF:53
LH:39
BRDA:19,1,0,0
BRDA:19,1,1,0
BRDA:30,2,0,0
BRDA:30,2,1,0
BRDA:52,3,0,2
BRDA:52,3,1,1
BRDA:63,4,0,1
BRDA:63,4,1,2
BRDA:64,5,0,1
BRDA:64,5,1,0
BRDA:70,6,0,2
BRDA:70,6,1,0
BRDA:70,7,0,2
BRDA:70,7,1,2
BRDA:79,8,0,0
BRDA:79,8,1,28
BRDA:86,9,0,0
BRDA:86,9,1,2
BRDA:96,10,0,0
BRDA:96,10,1,0
BRF:20
BRH:10
end_of_record
TN:
SF:C:\projetos-java\hackaton-stefanini-estatico\src\app\stefanini\utils.js
FN:1,(anonymous_1)
FN:9,ArhUtils
FN:21,excluiMensagem
FN:34,limpaMensagens
FNF:4
FNH:1
FNDA:1,(anonymous_1)
FNDA:0,ArhUtils
FNDA:0,excluiMensagem
FNDA:0,limpaMensagens
DA:1,1
DA:4,1
DA:7,1
DA:9,1
DA:10,0
DA:15,0
DA:21,1
DA:22,0
DA:23,0
DA:24,0
DA:25,0
DA:26,0
DA:34,1
DA:35,0
LF:14
LH:6
BRDA:24,1,0,0
BRDA:24,1,1,0
BRF:2
BRH:0
end_of_record
TN:
SF:C:\projetos-java\hackaton-stefanini-estatico\src\app\stefanini\value.js
FN:7,(anonymous_1)
FNF:1
FNH:1
FNDA:1,(anonymous_1)
DA:7,1
DA:11,1
LF:2
LH:2
BRF:0
BRH:0
end_of_record
TN:
SF:C:\projetos-java\hackaton-stefanini-estatico\src\app\spas\hackaton-stefanini.module.js
FN:1,(anonymous_1)
FNF:1
FNH:1
FNDA:1,(anonymous_1)
DA:1,1
DA:4,1
LF:2
LH:2
BRF:0
BRH:0
end_of_record
TN:
SF:C:\projetos-java\hackaton-stefanini-estatico\src\angular.route.js
FN:6,(anonymous_1)
FN:6,y
FN:6,(anonymous_3)
FN:6,p
FN:6,(anonymous_5)
FN:6,B
FN:6,(anonymous_7)
FN:6,(anonymous_8)
FN:7,w
FN:7,(anonymous_10)
FN:8,(anonymous_11)
FN:8,t
FN:8,l
FN:8,(anonymous_14)
FN:9,(anonymous_15)
FN:10,(anonymous_16)
FN:10,(anonymous_17)
FN:10,h
FN:10,n
FN:11,(anonymous_20)
FN:11,(anonymous_21)
FN:11,m
FN:11,(anonymous_23)
FN:12,s
FN:12,y
FN:12,(anonymous_26)
FN:13,w
FN:13,(anonymous_28)
FN:13,(anonymous_29)
FN:13,(anonymous_30)
FN:14,(anonymous_31)
FN:14,(anonymous_32)
FN:14,(anonymous_33)
FN:14,(anonymous_34)
FNF:34
FNH:8
FNDA:1,(anonymous_1)
FNDA:0,y
FNDA:0,(anonymous_3)
FNDA:0,p
FNDA:0,(anonymous_5)
FNDA:0,B
FNDA:0,(anonymous_7)
FNDA:0,(anonymous_8)
FNDA:0,w
FNDA:0,(anonymous_10)
FNDA:22,(anonymous_11)
FNDA:0,t
FNDA:308,l
FNDA:88,(anonymous_14)
FNDA:176,(anonymous_15)
FNDA:22,(anonymous_16)
FNDA:0,(anonymous_17)
FNDA:0,h
FNDA:0,n
FNDA:0,(anonymous_20)
FNDA:0,(anonymous_21)
FNDA:0,m
FNDA:0,(anonymous_23)
FNDA:0,s
FNDA:0,y
FNDA:0,(anonymous_26)
FNDA:0,w
FNDA:0,(anonymous_28)
FNDA:0,(anonymous_29)
FNDA:0,(anonymous_30)
FNDA:0,(anonymous_31)
FNDA:0,(anonymous_32)
FNDA:22,(anonymous_33)
FNDA:22,(anonymous_34)
DA:6,1
DA:7,1
DA:8,308
DA:9,330
DA:10,22
DA:11,1
DA:12,1
DA:13,1
DA:14,22
DA:15,1
LF:10
LH:10
BRDA:6,1,0,0
BRDA:6,1,1,0
BRDA:6,2,0,0
BRDA:6,2,1,0
BRDA:6,3,0,0
BRDA:6,3,1,0
BRDA:6,4,0,0
BRDA:6,4,1,0
BRDA:6,5,0,0
BRDA:6,5,1,0
BRDA:6,6,0,0
BRDA:6,6,1,0
BRDA:6,7,0,0
BRDA:6,7,1,0
BRDA:6,8,0,0
BRDA:6,8,1,0
BRDA:6,8,2,0
BRDA:6,8,3,0
BRDA:7,9,0,0
BRDA:7,9,1,0
BRDA:7,10,0,0
BRDA:7,10,1,0
BRDA:7,11,0,0
BRDA:7,11,1,0
BRDA:7,12,0,0
BRDA:7,12,1,0
BRDA:8,13,0,0
BRDA:8,13,1,88
BRDA:8,14,0,88
BRDA:8,14,1,88
BRDA:8,15,0,0
BRDA:8,15,1,88
BRDA:8,16,0,88
BRDA:8,16,1,88
BRDA:8,17,0,88
BRDA:8,17,1,0
BRDA:8,18,0,0
BRDA:8,18,1,88
BRDA:8,19,0,0
BRDA:8,19,1,88
BRDA:8,20,0,88
BRDA:8,20,1,0
BRDA:8,20,2,88
BRDA:8,21,0,88
BRDA:8,21,1,88
BRDA:8,22,0,88
BRDA:8,22,1,88
BRDA:8,23,0,0
BRDA:8,23,1,308
BRDA:9,24,0,0
BRDA:9,24,1,176
BRDA:9,25,0,0
BRDA:9,25,1,0
BRDA:9,26,0,176
BRDA:9,26,1,0
BRDA:9,27,0,176
BRDA:9,27,1,176
BRDA:9,28,0,330
BRDA:9,28,1,0
BRDA:9,29,0,330
BRDA:9,29,1,0
BRDA:9,30,0,176
BRDA:9,30,1,0
BRDA:9,31,0,176
BRDA:9,31,1,176
BRDA:9,32,0,176
BRDA:9,32,1,176
BRDA:9,33,0,176
BRDA:9,33,1,154
BRDA:9,34,0,176
BRDA:9,34,1,154
BRDA:9,35,0,22
BRDA:9,35,1,132
BRDA:10,36,0,22
BRDA:10,36,1,0
BRDA:10,37,0,0
BRDA:10,37,1,0
BRDA:10,37,2,0
BRDA:10,37,3,0
BRDA:10,37,4,0
BRDA:10,37,5,0
BRDA:10,38,0,0
BRDA:10,38,1,0
BRDA:10,38,2,0
BRDA:10,38,3,0
BRDA:10,38,4,0
BRDA:10,38,5,0
BRDA:10,39,0,0
BRDA:10,39,1,0
BRDA:11,40,0,0
BRDA:11,40,1,0
BRDA:11,41,0,0
BRDA:11,41,1,0
BRDA:11,42,0,0
BRDA:11,42,1,0
BRDA:11,42,2,0
BRDA:11,43,0,0
BRDA:11,43,1,0
BRDA:11,44,0,0
BRDA:11,44,1,0
BRDA:11,45,0,0
BRDA:11,45,1,0
BRDA:11,46,0,0
BRDA:11,46,1,0
BRDA:11,47,0,0
BRDA:11,47,1,0
BRDA:12,48,0,0
BRDA:12,48,1,0
BRDA:12,49,0,0
BRDA:12,49,1,0
BRDA:12,50,0,0
BRDA:12,50,1,0
BRDA:12,51,0,0
BRDA:12,51,1,0
BRDA:12,52,0,0
BRDA:12,52,1,0
BRDA:12,53,0,0
BRDA:12,53,1,0
BRDA:12,54,0,0
BRDA:12,54,1,0
BRDA:12,55,0,0
BRDA:12,55,1,0
BRDA:12,56,0,0
BRDA:12,56,1,0
BRDA:12,57,0,0
BRDA:12,57,1,0
BRDA:12,58,0,0
BRDA:12,58,1,0
BRDA:12,58,2,0
BRDA:13,59,0,0
BRDA:13,59,1,0
BRDA:13,60,0,0
BRDA:13,60,1,0
BRDA:13,60,2,0
BRDA:13,61,0,0
BRDA:13,61,1,0
BRDA:13,62,0,0
BRDA:13,62,1,0
BRDA:13,63,0,0
BRDA:13,63,1,0
BRDA:14,64,0,0
BRDA:14,64,1,0
BRDA:14,65,0,0
BRDA:14,65,1,0
BRDA:14,66,0,0
BRDA:14,66,1,0
BRF:146
BRH:34
end_of_record
TN:
SF:C:\projetos-java\hackaton-stefanini-estatico\src\app\spas\hackaton-stefanini.route.js
FN:1,(anonymous_1)
FN:4,(anonymous_2)
FNF:2
FNH:2
FNDA:1,(anonymous_1)
FNDA:22,(anonymous_2)
DA:1,1
DA:4,1
DA:5,22
LF:3
LH:3
BRF:0
BRH:0
end_of_record
TN:
SF:C:\projetos-java\hackaton-stefanini-estatico\src\angular-ui-mask.utils.js
FN:7,(anonymous_1)
FN:7,(anonymous_2)
FN:7,(anonymous_3)
FN:7,(anonymous_4)
FN:7,(anonymous_5)
FN:7,(anonymous_6)
FN:7,(anonymous_7)
FN:7,(anonymous_8)
FN:7,(anonymous_9)
FN:7,(anonymous_10)
FN:7,(anonymous_11)
FN:7,(anonymous_12)
FN:7,(anonymous_13)
FN:7,(anonymous_14)
FN:7,(anonymous_15)
FN:7,(anonymous_16)
FN:7,k
FN:7,(anonymous_18)
FN:7,(anonymous_19)
FN:7,(anonymous_20)
FN:7,(anonymous_21)
FN:7,(anonymous_22)
FN:7,(anonymous_23)
FN:7,(anonymous_24)
FN:7,(anonymous_25)
FN:7,a
FN:7,(anonymous_27)
FN:7,b
FN:7,(anonymous_29)
FN:7,(anonymous_30)
FN:7,(anonymous_31)
FN:7,(anonymous_32)
FN:7,(anonymous_33)
FN:7,(anonymous_34)
FN:7,(anonymous_35)
FN:7,(anonymous_36)
FN:7,f
FN:7,(anonymous_38)
FN:7,(anonymous_39)
FN:7,(anonymous_40)
FN:7,(anonymous_41)
FN:7,(anonymous_42)
FN:7,(anonymous_43)
FN:7,(anonymous_44)
FN:7,(anonymous_45)
FN:7,(anonymous_46)
FN:7,(anonymous_47)
FN:7,(anonymous_48)
FN:7,(anonymous_49)
FN:7,(anonymous_50)
FN:7,(anonymous_51)
FN:7,(anonymous_52)
FN:7,(anonymous_53)
FN:7,(anonymous_54)
FN:7,(anonymous_55)
FN:7,(anonymous_56)
FN:7,(anonymous_57)
FN:7,(anonymous_58)
FN:7,f
FN:7,g
FN:7,h
FN:7,i
FN:7,j
FN:7,k
FN:7,l
FN:7,m
FN:7,n
FN:7,o
FN:7,(anonymous_69)
FN:7,(anonymous_70)
FN:7,p
FN:7,(anonymous_72)
FN:7,q
FN:7,r
FN:7,s
FN:7,(anonymous_76)
FN:7,t
FN:7,(anonymous_78)
FN:7,u
FN:7,v
FN:7,w
FN:7,x
FN:7,y
FN:7,z
FN:7,A
FN:7,(anonymous_86)
FN:7,(anonymous_87)
FN:7,(anonymous_88)
FN:7,(anonymous_89)
FN:7,(anonymous_90)
FN:7,(anonymous_91)
FN:7,(anonymous_92)
FN:7,(anonymous_93)
FN:7,(anonymous_94)
FN:7,g
FN:7,(anonymous_96)
FN:7,h
FN:7,(anonymous_98)
FN:7,(anonymous_99)
FN:7,(anonymous_100)
FN:7,(anonymous_101)
FN:7,(anonymous_102)
FN:7,(anonymous_103)
FN:7,(anonymous_104)
FN:7,(anonymous_105)
FN:7,(anonymous_106)
FN:7,(anonymous_107)
FN:7,(anonymous_108)
FN:7,(anonymous_109)
FN:7,(anonymous_110)
FN:7,(anonymous_111)
FN:7,(anonymous_112)
FN:7,(anonymous_113)
FN:7,(anonymous_114)
FN:7,(anonymous_115)
FN:7,(anonymous_116)
FN:7,(anonymous_117)
FN:7,(anonymous_118)
FN:7,(anonymous_119)
FN:7,(anonymous_120)
FN:7,(anonymous_121)
FN:7,(anonymous_122)
FN:7,(anonymous_123)
FN:7,(anonymous_124)
FN:7,(anonymous_125)
FN:7,(anonymous_126)
FN:7,(anonymous_127)
FN:7,(anonymous_128)
FN:7,(anonymous_129)
FN:7,(anonymous_130)
FN:7,(anonymous_131)
FN:7,(anonymous_132)
FN:7,(anonymous_133)
FN:7,(anonymous_134)
FN:7,(anonymous_135)
FN:7,(anonymous_136)
FN:7,(anonymous_137)
FN:7,(anonymous_138)
FN:7,(anonymous_139)
FN:7,(anonymous_140)
FN:7,(anonymous_141)
FN:7,(anonymous_142)
FN:7,(anonymous_143)
FN:7,(anonymous_144)
FN:7,(anonymous_145)
FN:7,(anonymous_146)
FN:7,(anonymous_147)
FN:7,(anonymous_148)
FN:7,(anonymous_149)
FN:7,(anonymous_150)
FN:7,(anonymous_151)
FN:7,(anonymous_152)
FN:7,(anonymous_153)
FN:7,(anonymous_154)
FN:7,(anonymous_155)
FN:7,(anonymous_156)
FN:7,(anonymous_157)
FN:7,(anonymous_158)
FN:7,(anonymous_159)
FN:7,(anonymous_160)
FN:7,(anonymous_161)
FN:7,(anonymous_162)
FN:7,(anonymous_163)
FN:7,(anonymous_164)
FN:7,(anonymous_165)
FN:7,f
FN:7,(anonymous_167)
FN:7,(anonymous_168)
FN:7,(anonymous_169)
FN:7,(anonymous_170)
FN:7,(anonymous_171)
FN:7,(anonymous_172)
FN:7,(anonymous_173)
FN:7,(anonymous_174)
FN:7,(anonymous_175)
FN:7,(anonymous_176)
FN:7,(anonymous_177)
FN:7,(anonymous_178)
FN:7,(anonymous_179)
FN:7,(anonymous_180)
FN:7,(anonymous_181)
FN:7,(anonymous_182)
FN:7,(anonymous_183)
FN:7,(anonymous_184)
FN:7,(anonymous_185)
FN:7,e
FN:7,(anonymous_187)
FN:7,(anonymous_188)
FN:7,(anonymous_189)
FN:7,(anonymous_190)
FN:7,(anonymous_191)
FN:7,(anonymous_192)
FN:7,(anonymous_193)
FN:7,(anonymous_194)
FN:7,(anonymous_195)
FN:7,(anonymous_196)
FN:7,(anonymous_197)
FN:7,(anonymous_198)
FN:7,(anonymous_199)
FNF:199
FNH:0
FNDA:0,(anonymous_1)
FNDA:0,(anonymous_2)
FNDA:0,(anonymous_3)
FNDA:0,(anonymous_4)
FNDA:0,(anonymous_5)
FNDA:0,(anonymous_6)
FNDA:0,(anonymous_7)
FNDA:0,(anonymous_8)
FNDA:0,(anonymous_9)
FNDA:0,(anonymous_10)
FNDA:0,(anonymous_11)
FNDA:0,(anonymous_12)
FNDA:0,(anonymous_13)
FNDA:0,(anonymous_14)
FNDA:0,(anonymous_15)
FNDA:0,(anonymous_16)
FNDA:0,k
FNDA:0,(anonymous_18)
FNDA:0,(anonymous_19)
FNDA:0,(anonymous_20)
FNDA:0,(anonymous_21)
FNDA:0,(anonymous_22)
FNDA:0,(anonymous_23)
FNDA:0,(anonymous_24)
FNDA:0,(anonymous_25)
FNDA:0,a
FNDA:0,(anonymous_27)
FNDA:0,b
FNDA:0,(anonymous_29)
FNDA:0,(anonymous_30)
FNDA:0,(anonymous_31)
FNDA:0,(anonymous_32)
FNDA:0,(anonymous_33)
FNDA:0,(anonymous_34)
FNDA:0,(anonymous_35)
FNDA:0,(anonymous_36)
FNDA:0,f
FNDA:0,(anonymous_38)
FNDA:0,(anonymous_39)
FNDA:0,(anonymous_40)
FNDA:0,(anonymous_41)
FNDA:0,(anonymous_42)
FNDA:0,(anonymous_43)
FNDA:0,(anonymous_44)
FNDA:0,(anonymous_45)
FNDA:0,(anonymous_46)
FNDA:0,(anonymous_47)
FNDA:0,(anonymous_48)
FNDA:0,(anonymous_49)
FNDA:0,(anonymous_50)
FNDA:0,(anonymous_51)
FNDA:0,(anonymous_52)
FNDA:0,(anonymous_53)
FNDA:0,(anonymous_54)
FNDA:0,(anonymous_55)
FNDA:0,(anonymous_56)
FNDA:0,(anonymous_57)
FNDA:0,(anonymous_58)
FNDA:0,f
FNDA:0,g
FNDA:0,h
FNDA:0,i
FNDA:0,j
FNDA:0,k
FNDA:0,l
FNDA:0,m
FNDA:0,n
FNDA:0,o
FNDA:0,(anonymous_69)
FNDA:0,(anonymous_70)
FNDA:0,p
FNDA:0,(anonymous_72)
FNDA:0,q
FNDA:0,r
FNDA:0,s
FNDA:0,(anonymous_76)
FNDA:0,t
FNDA:0,(anonymous_78)
FNDA:0,u
FNDA:0,v
FNDA:0,w
FNDA:0,x
FNDA:0,y
FNDA:0,z
FNDA:0,A
FNDA:0,(anonymous_86)
FNDA:0,(anonymous_87)
FNDA:0,(anonymous_88)
FNDA:0,(anonymous_89)
FNDA:0,(anonymous_90)
FNDA:0,(anonymous_91)
FNDA:0,(anonymous_92)
FNDA:0,(anonymous_93)
FNDA:0,(anonymous_94)
FNDA:0,g
FNDA:0,(anonymous_96)
FNDA:0,h
FNDA:0,(anonymous_98)
FNDA:0,(anonymous_99)
FNDA:0,(anonymous_100)
FNDA:0,(anonymous_101)
FNDA:0,(anonymous_102)
FNDA:0,(anonymous_103)
FNDA:0,(anonymous_104)
FNDA:0,(anonymous_105)
FNDA:0,(anonymous_106)
FNDA:0,(anonymous_107)
FNDA:0,(anonymous_108)
FNDA:0,(anonymous_109)
FNDA:0,(anonymous_110)
FNDA:0,(anonymous_111)
FNDA:0,(anonymous_112)
FNDA:0,(anonymous_113)
FNDA:0,(anonymous_114)
FNDA:0,(anonymous_115)
FNDA:0,(anonymous_116)
FNDA:0,(anonymous_117)
FNDA:0,(anonymous_118)
FNDA:0,(anonymous_119)
FNDA:0,(anonymous_120)
FNDA:0,(anonymous_121)
FNDA:0,(anonymous_122)
FNDA:0,(anonymous_123)
FNDA:0,(anonymous_124)
FNDA:0,(anonymous_125)
FNDA:0,(anonymous_126)
FNDA:0,(anonymous_127)
FNDA:0,(anonymous_128)
FNDA:0,(anonymous_129)
FNDA:0,(anonymous_130)
FNDA:0,(anonymous_131)
FNDA:0,(anonymous_132)
FNDA:0,(anonymous_133)
FNDA:0,(anonymous_134)
FNDA:0,(anonymous_135)
FNDA:0,(anonymous_136)
FNDA:0,(anonymous_137)
FNDA:0,(anonymous_138)
FNDA:0,(anonymous_139)
FNDA:0,(anonymous_140)
FNDA:0,(anonymous_141)
FNDA:0,(anonymous_142)
FNDA:0,(anonymous_143)
FNDA:0,(anonymous_144)
FNDA:0,(anonymous_145)
FNDA:0,(anonymous_146)
FNDA:0,(anonymous_147)
FNDA:0,(anonymous_148)
FNDA:0,(anonymous_149)
FNDA:0,(anonymous_150)
FNDA:0,(anonymous_151)
FNDA:0,(anonymous_152)
FNDA:0,(anonymous_153)
FNDA:0,(anonymous_154)
FNDA:0,(anonymous_155)
FNDA:0,(anonymous_156)
FNDA:0,(anonymous_157)
FNDA:0,(anonymous_158)
FNDA:0,(anonymous_159)
FNDA:0,(anonymous_160)
FNDA:0,(anonymous_161)
FNDA:0,(anonymous_162)
FNDA:0,(anonymous_163)
FNDA:0,(anonymous_164)
FNDA:0,(anonymous_165)
FNDA:0,f
FNDA:0,(anonymous_167)
FNDA:0,(anonymous_168)
FNDA:0,(anonymous_169)
FNDA:0,(anonymous_170)
FNDA:0,(anonymous_171)
FNDA:0,(anonymous_172)
FNDA:0,(anonymous_173)
FNDA:0,(anonymous_174)
FNDA:0,(anonymous_175)
FNDA:0,(anonymous_176)
FNDA:0,(anonymous_177)
FNDA:0,(anonymous_178)
FNDA:0,(anonymous_179)
FNDA:0,(anonymous_180)
FNDA:0,(anonymous_181)
FNDA:0,(anonymous_182)
FNDA:0,(anonymous_183)
FNDA:0,(anonymous_184)
FNDA:0,(anonymous_185)
FNDA:0,e
FNDA:0,(anonymous_187)
FNDA:0,(anonymous_188)
FNDA:0,(anonymous_189)
FNDA:0,(anonymous_190)
FNDA:0,(anonymous_191)
FNDA:0,(anonymous_192)
FNDA:0,(anonymous_193)
FNDA:0,(anonymous_194)
FNDA:0,(anonymous_195)
FNDA:0,(anonymous_196)
FNDA:0,(anonymous_197)
FNDA:0,(anonymous_198)
FNDA:0,(anonymous_199)
DA:7,1
LF:1
LH:1
BRDA:7,1,0,0
BRDA:7,1,1,0
BRDA:7,2,0,0
BRDA:7,2,1,0
BRDA:7,3,0,0
BRDA:7,3,1,0
BRDA:7,4,0,0
BRDA:7,4,1,0
BRDA:7,5,0,0
BRDA:7,5,1,0
BRDA:7,6,0,0
BRDA:7,6,1,0
BRDA:7,7,0,0
BRDA:7,7,1,0
BRDA:7,7,2,0
BRDA:7,8,0,0
BRDA:7,8,1,0
BRDA:7,9,0,0
BRDA:7,9,1,0
BRDA:7,10,0,0
BRDA:7,10,1,0
BRDA:7,11,0,0
BRDA:7,11,1,0
BRDA:7,12,0,0
BRDA:7,12,1,0
BRDA:7,13,0,0
BRDA:7,13,1,0
BRDA:7,14,0,0
BRDA:7,14,1,0
BRDA:7,15,0,0
BRDA:7,15,1,0
BRDA:7,16,0,0
BRDA:7,16,1,0
BRDA:7,17,0,0
BRDA:7,17,1,0
BRDA:7,18,0,0
BRDA:7,18,1,0
BRDA:7,19,0,0
BRDA:7,19,1,0
BRDA:7,20,0,0
BRDA:7,20,1,0
BRDA:7,20,2,0
BRDA:7,20,3,0
BRDA:7,21,0,0
BRDA:7,21,1,0
BRDA:7,22,0,0
BRDA:7,22,1,0
BRDA:7,23,0,0
BRDA:7,23,1,0
BRDA:7,24,0,0
BRDA:7,24,1,0
BRDA:7,25,0,0
BRDA:7,25,1,0
BRDA:7,26,0,0
BRDA:7,26,1,0
BRDA:7,27,0,0
BRDA:7,27,1,0
BRDA:7,28,0,0
BRDA:7,28,1,0
BRDA:7,29,0,0
BRDA:7,29,1,0
BRDA:7,30,0,0
BRDA:7,30,1,0
BRDA:7,31,0,0
BRDA:7,31,1,0
BRDA:7,31,2,0
BRDA:7,32,0,0
BRDA:7,32,1,0
BRDA:7,33,0,0
BRDA:7,33,1,0
BRDA:7,33,2,0
BRDA:7,34,0,0
BRDA:7,34,1,0
BRDA:7,35,0,0
BRDA:7,35,1,0
BRDA:7,36,0,0
BRDA:7,36,1,0
BRDA:7,36,2,0
BRDA:7,36,3,0
BRDA:7,36,4,0
BRDA:7,37,0,0
BRDA:7,37,1,0
BRDA:7,38,0,0
BRDA:7,38,1,0
BRDA:7,38,2,0
BRDA:7,38,3,0
BRDA:7,38,4,0
BRDA:7,38,5,0
BRDA:7,39,0,0
BRDA:7,39,1,0
BRDA:7,40,0,0
BRDA:7,40,1,0
BRDA:7,41,0,0
BRDA:7,41,1,0
BRDA:7,42,0,0
BRDA:7,42,1,0
BRDA:7,43,0,0
BRDA:7,43,1,0
BRDA:7,44,0,0
BRDA:7,44,1,0
BRDA:7,45,0,0
BRDA:7,45,1,0
BRDA:7,46,0,0
BRDA:7,46,1,0
BRDA:7,47,0,0
BRDA:7,47,1,0
BRDA:7,48,0,0
BRDA:7,48,1,0
BRDA:7,49,0,0
BRDA:7,49,1,0
BRDA:7,50,0,0
BRDA:7,50,1,0
BRDA:7,50,2,0
BRDA:7,51,0,0
BRDA:7,51,1,0
BRDA:7,52,0,0
BRDA:7,52,1,0
BRDA:7,53,0,0
BRDA:7,53,1,0
BRDA:7,54,0,0
BRDA:7,54,1,0
BRDA:7,55,0,0
BRDA:7,55,1,0
BRDA:7,56,0,0
BRDA:7,56,1,0
BRDA:7,57,0,0
BRDA:7,57,1,0
BRDA:7,58,0,0
BRDA:7,58,1,0
BRDA:7,59,0,0
BRDA:7,59,1,0
BRDA:7,60,0,0
BRDA:7,60,1,0
BRDA:7,61,0,0
BRDA:7,61,1,0
BRDA:7,61,2,0
BRDA:7,62,0,0
BRDA:7,62,1,0
BRDA:7,63,0,0
BRDA:7,63,1,0
BRDA:7,64,0,0
BRDA:7,64,1,0
BRDA:7,65,0,0
BRDA:7,65,1,0
BRDA:7,66,0,0
BRDA:7,66,1,0
BRDA:7,67,0,0
BRDA:7,67,1,0
BRDA:7,68,0,0
BRDA:7,68,1,0
BRDA:7,69,0,0
BRDA:7,69,1,0
BRDA:7,70,0,0
BRDA:7,70,1,0
BRDA:7,71,0,0
BRDA:7,71,1,0
BRDA:7,72,0,0
BRDA:7,72,1,0
BRDA:7,72,2,0
BRDA:7,73,0,0
BRDA:7,73,1,0
BRDA:7,74,0,0
BRDA:7,74,1,0
BRDA:7,75,0,0
BRDA:7,75,1,0
BRDA:7,76,0,0
BRDA:7,76,1,0
BRDA:7,77,0,0
BRDA:7,77,1,0
BRDA:7,78,0,0
BRDA:7,78,1,0
BRDA:7,79,0,0
BRDA:7,79,1,0
BRDA:7,80,0,0
BRDA:7,80,1,0
BRDA:7,81,0,0
BRDA:7,81,1,0
BRDA:7,81,2,0
BRDA:7,82,0,0
BRDA:7,82,1,0
BRDA:7,82,2,0
BRDA:7,83,0,0
BRDA:7,83,1,0
BRDA:7,83,2,0
BRDA:7,84,0,0
BRDA:7,84,1,0
BRDA:7,84,2,0
BRDA:7,84,3,0
BRDA:7,85,0,0
BRDA:7,85,1,0
BRDA:7,85,2,0
BRDA:7,85,3,0
BRDA:7,85,4,0
BRDA:7,86,0,0
BRDA:7,86,1,0
BRDA:7,86,2,0
BRDA:7,86,3,0
BRDA:7,87,0,0
BRDA:7,87,1,0
BRDA:7,88,0,0
BRDA:7,88,1,0
BRDA:7,88,2,0
BRDA:7,88,3,0
BRDA:7,89,0,0
BRDA:7,89,1,0
BRDA:7,90,0,0
BRDA:7,90,1,0
BRDA:7,90,2,0
BRDA:7,90,3,0
BRDA:7,91,0,0
BRDA:7,91,1,0
BRDA:7,91,2,0
BRDA:7,92,0,0
BRDA:7,92,1,0
BRDA:7,92,2,0
BRDA:7,93,0,0
BRDA:7,93,1,0
BRDA:7,93,2,0
BRDA:7,94,0,0
BRDA:7,94,1,0
BRDA:7,95,0,0
BRDA:7,95,1,0
BRDA:7,95,2,0
BRDA:7,95,3,0
BRDA:7,95,4,0
BRDA:7,96,0,0
BRDA:7,96,1,0
BRDA:7,97,0,0
BRDA:7,97,1,0
BRDA:7,98,0,0
BRDA:7,98,1,0
BRDA:7,99,0,0
BRDA:7,99,1,0
BRDA:7,100,0,0
BRDA:7,100,1,0
BRDA:7,101,0,0
BRDA:7,101,1,0
BRDA:7,102,0,0
BRDA:7,102,1,0
BRDA:7,103,0,0
BRDA:7,103,1,0
BRDA:7,104,0,0
BRDA:7,104,1,0
BRDA:7,105,0,0
BRDA:7,105,1,0
BRDA:7,106,0,0
BRDA:7,106,1,0
BRDA:7,107,0,0
BRDA:7,107,1,0
BRDA:7,108,0,0
BRDA:7,108,1,0
BRDA:7,109,0,0
BRDA:7,109,1,0
BRDA:7,110,0,0
BRDA:7,110,1,0
BRDA:7,111,0,0
BRDA:7,111,1,0
BRDA:7,112,0,0
BRDA:7,112,1,0
BRDA:7,113,0,0
BRDA:7,113,1,0
BRDA:7,114,0,0
BRDA:7,114,1,0
BRDA:7,115,0,0
BRDA:7,115,1,0
BRDA:7,116,0,0
BRDA:7,116,1,0
BRDA:7,117,0,0
BRDA:7,117,1,0
BRDA:7,117,2,0
BRDA:7,117,3,0
BRDA:7,118,0,0
BRDA:7,118,1,0
BRDA:7,119,0,0
BRDA:7,119,1,0
BRDA:7,120,0,0
BRDA:7,120,1,0
BRDA:7,121,0,0
BRDA:7,121,1,0
BRDA:7,122,0,0
BRDA:7,122,1,0
BRDA:7,123,0,0
BRDA:7,123,1,0
BRDA:7,124,0,0
BRDA:7,124,1,0
BRDA:7,125,0,0
BRDA:7,125,1,0
BRDA:7,126,0,0
BRDA:7,126,1,0
BRDA:7,127,0,0
BRDA:7,127,1,0
BRDA:7,128,0,0
BRDA:7,128,1,0
BRDA:7,128,2,0
BRDA:7,129,0,0
BRDA:7,129,1,0
BRDA:7,129,2,0
BRDA:7,130,0,0
BRDA:7,130,1,0
BRDA:7,131,0,0
BRDA:7,131,1,0
BRDA:7,132,0,0
BRDA:7,132,1,0
BRDA:7,133,0,0
BRDA:7,133,1,0
BRDA:7,133,2,0
BRDA:7,133,3,0
BRDA:7,134,0,0
BRDA:7,134,1,0
BRDA:7,134,2,0
BRDA:7,134,3,0
BRDA:7,134,4,0
BRDA:7,135,0,0
BRDA:7,135,1,0
BRDA:7,136,0,0
BRDA:7,136,1,0
BRDA:7,137,0,0
BRDA:7,137,1,0
BRDA:7,138,0,0
BRDA:7,138,1,0
BRDA:7,139,0,0
BRDA:7,139,1,0
BRDA:7,140,0,0
BRDA:7,140,1,0
BRDA:7,141,0,0
BRDA:7,141,1,0
BRDA:7,142,0,0
BRDA:7,142,1,0
BRDA:7,143,0,0
BRDA:7,143,1,0
BRDA:7,144,0,0
BRDA:7,144,1,0
BRDA:7,145,0,0
BRDA:7,145,1,0
BRDA:7,146,0,0
BRDA:7,146,1,0
BRDA:7,147,0,0
BRDA:7,147,1,0
BRDA:7,148,0,0
BRDA:7,148,1,0
BRDA:7,149,0,0
BRDA:7,149,1,0
BRDA:7,150,0,0
BRDA:7,150,1,0
BRDA:7,151,0,0
BRDA:7,151,1,0
BRDA:7,152,0,0
BRDA:7,152,1,0
BRDA:7,152,2,0
BRDA:7,153,0,0
BRDA:7,153,1,0
BRDA:7,154,0,0
BRDA:7,154,1,0
BRDA:7,155,0,0
BRDA:7,155,1,0
BRDA:7,156,0,0
BRDA:7,156,1,0
BRDA:7,157,0,0
BRDA:7,157,1,0
BRDA:7,158,0,0
BRDA:7,158,1,0
BRDA:7,159,0,0
BRDA:7,159,1,0
BRDA:7,160,0,0
BRDA:7,160,1,0
BRDA:7,161,0,0
BRDA:7,161,1,0
BRDA:7,162,0,0
BRDA:7,162,1,0
BRDA:7,163,0,0
BRDA:7,163,1,0
BRDA:7,164,0,0
BRDA:7,164,1,0
BRDA:7,165,0,0
BRDA:7,165,1,0
BRDA:7,166,0,0
BRDA:7,166,1,0
BRDA:7,167,0,0
BRDA:7,167,1,0
BRDA:7,168,0,0
BRDA:7,168,1,0
BRDA:7,169,0,0
BRDA:7,169,1,0
BRDA:7,170,0,0
BRDA:7,170,1,0
BRDA:7,171,0,0
BRDA:7,171,1,0
BRDA:7,172,0,0
BRDA:7,172,1,0
BRDA:7,173,0,0
BRDA:7,173,1,0
BRDA:7,174,0,0
BRDA:7,174,1,0
BRDA:7,175,0,0
BRDA:7,175,1,0
BRDA:7,176,0,0
BRDA:7,176,1,0
BRDA:7,176,2,0
BRDA:7,177,0,0
BRDA:7,177,1,0
BRDA:7,178,0,0
BRDA:7,178,1,0
BRDA:7,179,0,0
BRDA:7,179,1,0
BRDA:7,180,0,0
BRDA:7,180,1,0
BRDA:7,181,0,0
BRDA:7,181,1,0
BRDA:7,182,0,0
BRDA:7,182,1,0
BRDA:7,182,2,0
BRDA:7,183,0,0
BRDA:7,183,1,0
BRDA:7,184,0,0
BRDA:7,184,1,0
BRDA:7,185,0,0
BRDA:7,185,1,0
BRDA:7,186,0,0
BRDA:7,186,1,0
BRDA:7,187,0,0
BRDA:7,187,1,0
BRDA:7,188,0,0
BRDA:7,188,1,0
BRDA:7,189,0,0
BRDA:7,189,1,0
BRDA:7,190,0,0
BRDA:7,190,1,0
BRDA:7,191,0,0
BRDA:7,191,1,0
BRDA:7,192,0,0
BRDA:7,192,1,0
BRDA:7,193,0,0
BRDA:7,193,1,0
BRDA:7,194,0,0
BRDA:7,194,1,0
BRDA:7,195,0,0
BRDA:7,195,1,0
BRDA:7,196,0,0
BRDA:7,196,1,0
BRDA:7,197,0,0
BRDA:7,197,1,0
BRDA:7,198,0,0
BRDA:7,198,1,0
BRDA:7,199,0,0
BRDA:7,199,1,0
BRDA:7,200,0,0
BRDA:7,200,1,0
BRDA:7,201,0,0
BRDA:7,201,1,0
BRDA:7,202,0,0
BRDA:7,202,1,0
BRDA:7,203,0,0
BRDA:7,203,1,0
BRDA:7,204,0,0
BRDA:7,204,1,0
BRDA:7,205,0,0
BRDA:7,205,1,0
BRDA:7,206,0,0
BRDA:7,206,1,0
BRDA:7,207,0,0
BRDA:7,207,1,0
BRDA:7,208,0,0
BRDA:7,208,1,0
BRDA:7,209,0,0
BRDA:7,209,1,0
BRDA:7,210,0,0
BRDA:7,210,1,0
BRDA:7,211,0,0
BRDA:7,211,1,0
BRDA:7,212,0,0
BRDA:7,212,1,0
BRDA:7,213,0,0
BRDA:7,213,1,0
BRDA:7,214,0,0
BRDA:7,214,1,0
BRDA:7,215,0,0
BRDA:7,215,1,0
BRDA:7,216,0,0
BRDA:7,216,1,0
BRDA:7,217,0,0
BRDA:7,217,1,0
BRDA:7,218,0,0
BRDA:7,218,1,0
BRDA:7,219,0,0
BRDA:7,219,1,0
BRDA:7,220,0,0
BRDA:7,220,1,0
BRDA:7,221,0,0
BRDA:7,221,1,0
BRDA:7,222,0,0
BRDA:7,222,1,0
BRDA:7,223,0,0
BRDA:7,223,1,0
BRDA:7,223,2,0
BRDA:7,224,0,0
BRDA:7,224,1,0
BRDA:7,225,0,0
BRDA:7,225,1,0
BRDA:7,225,2,0
BRDA:7,226,0,0
BRDA:7,226,1,0
BRDA:7,227,0,0
BRDA:7,227,1,0
BRDA:7,227,2,0
BRDA:7,228,0,0
BRDA:7,228,1,0
BRDA:7,229,0,0
BRDA:7,229,1,0
BRDA:7,230,0,0
BRDA:7,230,1,0
BRDA:7,231,0,0
BRDA:7,231,1,0
BRDA:7,232,0,0
BRDA:7,232,1,0
BRDA:7,233,0,0
BRDA:7,233,1,0
BRDA:7,233,2,0
BRDA:7,234,0,0
BRDA:7,234,1,0
BRDA:7,234,2,0
BRDA:7,235,0,0
BRDA:7,235,1,0
BRDA:7,236,0,0
BRDA:7,236,1,0
BRDA:7,237,0,0
BRDA:7,237,1,0
BRDA:7,238,0,0
BRDA:7,238,1,0
BRDA:7,239,0,0
BRDA:7,239,1,0
BRDA:7,240,0,0
BRDA:7,240,1,0
BRDA:7,241,0,0
BRDA:7,241,1,0
BRDA:7,242,0,0
BRDA:7,242,1,0
BRDA:7,243,0,0
BRDA:7,243,1,0
BRDA:7,244,0,0
BRDA:7,244,1,0
BRDA:7,244,2,0
BRDA:7,245,0,0
BRDA:7,245,1,0
BRDA:7,246,0,0
BRDA:7,246,1,0
BRDA:7,247,0,0
BRDA:7,247,1,0
BRDA:7,248,0,0
BRDA:7,248,1,0
BRDA:7,249,0,0
BRDA:7,249,1,0
BRDA:7,250,0,0
BRDA:7,250,1,0
BRDA:7,251,0,0
BRDA:7,251,1,0
BRDA:7,252,0,0
BRDA:7,252,1,0
BRDA:7,253,0,0
BRDA:7,253,1,0
BRDA:7,254,0,0
BRDA:7,254,1,0
BRDA:7,255,0,0
BRDA:7,255,1,0
BRDA:7,256,0,0
BRDA:7,256,1,0
BRDA:7,257,0,0
BRDA:7,257,1,0
BRDA:7,258,0,0
BRDA:7,258,1,0
BRDA:7,259,0,0
BRDA:7,259,1,0
BRF:571
BRH:0
end_of_record
TN:
SF:C:\projetos-java\hackaton-stefanini-estatico\src\ng-tables.utils.js
FN:1,(anonymous_1)
FN:5,(anonymous_2)
FN:11,(anonymous_3)
FN:22,(anonymous_4)
FN:39,(anonymous_5)
FN:61,(anonymous_6)
FN:81,ngTableEventsChannel
FN:92,addChangeEvent
FN:100,createEventSubscriptionFn
FN:102,subscription
FN:120,(anonymous_11)
FN:125,(anonymous_12)
FN:138,createPublishEventFn
FN:139,publish
FN:145,rest
FN:159,(anonymous_16)
FN:167,ngTableFilterConfigProvider
FN:183,init
FN:187,resetConfigs
FN:191,setConfig
FN:201,ngTableFilterConfig
FN:211,(anonymous_22)
FN:221,getTemplateUrl
FN:232,getUrlForAlias
FN:247,(anonymous_25)
FN:270,ngTableDefaultGetDataProvider
FN:289,ngTableDefaultGetData
FN:299,getFilterFn
FN:308,getOrderByFn
FN:312,applyFilter
FN:319,(anonymous_31)
FN:327,applyPaging
FN:333,applySort
FN:339,getData
FN:353,setPath
FN:360,(anonymous_36)
FN:382,(anonymous_37)
FN:390,(anonymous_38)
FN:409,buildColumn
FN:422,(anonymous_40)
FN:423,getterSetter
FN:430,(anonymous_42)
FN:436,(anonymous_43)
FN:439,(anonymous_44)
FN:460,createDefaults
FN:475,createGetterSetter
FN:477,getterSetter
FN:484,(anonymous_48)
FN:490,isScopeLike
FN:504,(anonymous_50)
FN:512,(anonymous_51)
FN:513,(anonymous_52)
FN:516,(anonymous_53)
FN:529,(anonymous_54)
FN:559,(anonymous_55)
FN:593,parseGroup
FN:624,(anonymous_57)
FN:657,(anonymous_58)
FN:681,(anonymous_59)
FN:695,(anonymous_60)
FN:709,(anonymous_61)
FN:729,(anonymous_62)
FN:759,(anonymous_63)
FN:789,(anonymous_64)
FN:812,(anonymous_65)
FN:827,(anonymous_66)
FN:831,convertSortToOrderBy
FN:852,(anonymous_68)
FN:921,(anonymous_69)
FN:927,createComparableParams
FN:941,(anonymous_71)
FN:951,(anonymous_72)
FN:977,(anonymous_73)
FN:982,hasGlobalSearchFieldChanges
FN:997,(anonymous_75)
FN:1018,collectValue
FN:1026,isSignificantValue
FN:1036,(anonymous_78)
FN:1054,(anonymous_79)
FN:1065,(anonymous_80)
FN:1081,(anonymous_81)
FN:1085,optimizeFilterDelay
FN:1094,(anonymous_83)
FN:1096,(anonymous_84)
FN:1106,runInterceptorPipeline
FN:1109,(anonymous_86)
FN:1112,(anonymous_87)
FN:1114,(anonymous_88)
FN:1120,getDefaultSettingFns
FN:1136,getData
FN:1150,getGroups
FN:1162,(anonymous_92)
FN:1171,(anonymous_93)
FN:1173,(anonymous_94)
FN:1195,(anonymous_95)
FN:1201,getPath
FN:1259,(anonymous_97)
FN:1280,(anonymous_98)
FN:1290,(anonymous_99)
FN:1303,(anonymous_100)
FN:1305,(anonymous_101)
FN:1311,onDataReloadStatusChange
FN:1322,(anonymous_103)
FN:1340,(anonymous_104)
FN:1350,(anonymous_105)
FN:1361,(anonymous_106)
FN:1382,(anonymous_107)
FN:1383,(anonymous_108)
FN:1396,(anonymous_109)
FN:1412,(anonymous_110)
FN:1414,(anonymous_111)
FN:1420,(anonymous_112)
FN:1432,(anonymous_113)
FN:1440,(anonymous_114)
FN:1452,setupFilterRowBindingsToInternalScope
FN:1454,(anonymous_116)
FN:1458,(anonymous_117)
FN:1464,(anonymous_118)
FN:1470,setupGroupRowBindingsToInternalScope
FN:1474,(anonymous_120)
FN:1479,(anonymous_121)
FN:1484,(anonymous_122)
FN:1490,getVisibleColumns
FN:1491,(anonymous_124)
FN:1496,hasVisibleFilterColumn
FN:1499,(anonymous_126)
FN:1504,some
FN:1516,commonInit
FN:1520,bindDataToScope
FN:1531,bindPagesToScope
FN:1535,isMyPublisher
FN:1552,(anonymous_132)
FN:1563,(anonymous_133)
FN:1571,(anonymous_134)
FN:1578,(anonymous_135)
FN:1581,(anonymous_136)
FN:1584,(anonymous_137)
FN:1591,(anonymous_138)
FN:1597,(anonymous_139)
FN:1600,(anonymous_140)
FN:1610,(anonymous_141)
FN:1617,(anonymous_142)
FN:1623,(anonymous_143)
FN:1663,(anonymous_144)
FN:1684,(anonymous_145)
FN:1696,(anonymous_146)
FN:1703,(anonymous_147)
FN:1707,(anonymous_148)
FN:1717,(anonymous_149)
FN:1719,(anonymous_150)
FN:1733,(anonymous_151)
FN:1739,(anonymous_152)
FN:1757,(anonymous_153)
FN:1773,ngTableColumnsBinding
FN:1781,linkFn
FN:1784,(anonymous_156)
FN:1801,(anonymous_157)
FN:1809,(anonymous_158)
FN:1819,(anonymous_159)
FN:1821,(anonymous_160)
FN:1823,(anonymous_161)
FN:1827,(anonymous_162)
FN:1853,(anonymous_163)
FN:1861,ngTableFilterRowController
FN:1865,(anonymous_165)
FN:1875,(anonymous_166)
FN:1893,(anonymous_167)
FN:1901,ngTableFilterRow
FN:1921,(anonymous_169)
FN:1929,ngTableGroupRowController
FN:1935,init
FN:1946,changeSortDirection
FN:1958,findGroupColumn
FN:1959,(anonymous_174)
FN:1964,getGroupTitle
FN:1968,getGroupables
FN:1969,(anonymous_177)
FN:1975,getVisibleColumns
FN:1976,(anonymous_179)
FN:1981,groupBy
FN:1993,isSelectedGroup
FN:2001,setGroup
FN:2024,toggleDetail
FN:2039,(anonymous_184)
FN:2047,ngTableGroupRow
FN:2068,(anonymous_186)
FN:2076,ngTableSorterRowController
FN:2082,sortBy
FN:2107,(anonymous_189)
FN:2115,ngTableSorterRow
FN:2135,(anonymous_191)
FN:2157,ngTableSelectFilterDs
FN:2169,ngTableSelectFilterDsController
FN:2174,init
FN:2176,(anonymous_195)
FN:2181,bindDataSource
FN:2182,(anonymous_197)
FN:2191,hasEmptyOption
FN:2203,getSelectListData
FN:2210,(anonymous_200)
FNF:200
FNH:26
FNDA:1,(anonymous_1)
FNDA:0,(anonymous_2)
FNDA:1,(anonymous_3)
FNDA:1,(anonymous_4)
FNDA:1,(anonymous_5)
FNDA:1,(anonymous_6)
FNDA:0,ngTableEventsChannel
FNDA:0,addChangeEvent
FNDA:0,createEventSubscriptionFn
FNDA:0,subscription
FNDA:0,(anonymous_11)
FNDA:0,(anonymous_12)
FNDA:0,createPublishEventFn
FNDA:0,publish
FNDA:0,rest
FNDA:1,(anonymous_16)
FNDA:22,ngTableFilterConfigProvider
FNDA:22,init
FNDA:22,resetConfigs
FNDA:0,setConfig
FNDA:0,ngTableFilterConfig
FNDA:0,(anonymous_22)
FNDA:0,getTemplateUrl
FNDA:0,getUrlForAlias
FNDA:1,(anonymous_25)
FNDA:22,ngTableDefaultGetDataProvider
FNDA:0,ngTableDefaultGetData
FNDA:0,getFilterFn
FNDA:0,getOrderByFn
FNDA:0,applyFilter
FNDA:0,(anonymous_31)
FNDA:0,applyPaging
FNDA:0,applySort
FNDA:0,getData
FNDA:0,setPath
FNDA:0,(anonymous_36)
FNDA:1,(anonymous_37)
FNDA:0,(anonymous_38)
FNDA:0,buildColumn
FNDA:0,(anonymous_40)
FNDA:0,getterSetter
FNDA:0,(anonymous_42)
FNDA:0,(anonymous_43)
FNDA:0,(anonymous_44)
FNDA:0,createDefaults
FNDA:0,createGetterSetter
FNDA:0,getterSetter
FNDA:0,(anonymous_48)
FNDA:0,isScopeLike
FNDA:1,(anonymous_50)
FNDA:0,(anonymous_51)
FNDA:0,(anonymous_52)
FNDA:0,(anonymous_53)
FNDA:0,(anonymous_54)
FNDA:0,(anonymous_55)
FNDA:0,parseGroup
FNDA:0,(anonymous_57)
FNDA:0,(anonymous_58)
FNDA:0,(anonymous_59)
FNDA:0,(anonymous_60)
FNDA:0,(anonymous_61)
FNDA:0,(anonymous_62)
FNDA:0,(anonymous_63)
FNDA:0,(anonymous_64)
FNDA:0,(anonymous_65)
FNDA:0,(anonymous_66)
FNDA:0,convertSortToOrderBy
FNDA:0,(anonymous_68)
FNDA:0,(anonymous_69)
FNDA:0,createComparableParams
FNDA:0,(anonymous_71)
FNDA:0,(anonymous_72)
FNDA:0,(anonymous_73)
FNDA:0,hasGlobalSearchFieldChanges
FNDA:0,(anonymous_75)
FNDA:0,collectValue
FNDA:0,isSignificantValue
FNDA:0,(anonymous_78)
FNDA:0,(anonymous_79)
FNDA:0,(anonymous_80)
FNDA:0,(anonymous_81)
FNDA:0,optimizeFilterDelay
FNDA:0,(anonymous_83)
FNDA:0,(anonymous_84)
FNDA:0,runInterceptorPipeline
FNDA:0,(anonymous_86)
FNDA:0,(anonymous_87)
FNDA:0,(anonymous_88)
FNDA:0,getDefaultSettingFns
FNDA:0,getData
FNDA:0,getGroups
FNDA:0,(anonymous_92)
FNDA:0,(anonymous_93)
FNDA:0,(anonymous_94)
FNDA:0,(anonymous_95)
FNDA:0,getPath
FNDA:0,(anonymous_97)
FNDA:1,(anonymous_98)
FNDA:0,(anonymous_99)
FNDA:0,(anonymous_100)
FNDA:0,(anonymous_101)
FNDA:0,onDataReloadStatusChange
FNDA:0,(anonymous_103)
FNDA:0,(anonymous_104)
FNDA:0,(anonymous_105)
FNDA:0,(anonymous_106)
FNDA:0,(anonymous_107)
FNDA:0,(anonymous_108)
FNDA:0,(anonymous_109)
FNDA:0,(anonymous_110)
FNDA:0,(anonymous_111)
FNDA:0,(anonymous_112)
FNDA:0,(anonymous_113)
FNDA:0,(anonymous_114)
FNDA:0,setupFilterRowBindingsToInternalScope
FNDA:0,(anonymous_116)
FNDA:0,(anonymous_117)
FNDA:0,(anonymous_118)
FNDA:0,setupGroupRowBindingsToInternalScope
FNDA:0,(anonymous_120)
FNDA:0,(anonymous_121)
FNDA:0,(anonymous_122)
FNDA:0,getVisibleColumns
FNDA:0,(anonymous_124)
FNDA:0,hasVisibleFilterColumn
FNDA:0,(anonymous_126)
FNDA:0,some
FNDA:0,commonInit
FNDA:0,bindDataToScope
FNDA:0,bindPagesToScope
FNDA:0,isMyPublisher
FNDA:1,(anonymous_132)
FNDA:0,(anonymous_133)
FNDA:0,(anonymous_134)
FNDA:0,(anonymous_135)
FNDA:0,(anonymous_136)
FNDA:0,(anonymous_137)
FNDA:0,(anonymous_138)
FNDA:0,(anonymous_139)
FNDA:0,(anonymous_140)
FNDA:0,(anonymous_141)
FNDA:0,(anonymous_142)
FNDA:0,(anonymous_143)
FNDA:0,(anonymous_144)
FNDA:1,(anonymous_145)
FNDA:0,(anonymous_146)
FNDA:0,(anonymous_147)
FNDA:0,(anonymous_148)
FNDA:0,(anonymous_149)
FNDA:0,(anonymous_150)
FNDA:0,(anonymous_151)
FNDA:0,(anonymous_152)
FNDA:1,(anonymous_153)
FNDA:0,ngTableColumnsBinding
FNDA:0,linkFn
FNDA:0,(anonymous_156)
FNDA:1,(anonymous_157)
FNDA:0,(anonymous_158)
FNDA:0,(anonymous_159)
FNDA:0,(anonymous_160)
FNDA:0,(anonymous_161)
FNDA:0,(anonymous_162)
FNDA:1,(anonymous_163)
FNDA:0,ngTableFilterRowController
FNDA:0,(anonymous_165)
FNDA:0,(anonymous_166)
FNDA:1,(anonymous_167)
FNDA:0,ngTableFilterRow
FNDA:1,(anonymous_169)
FNDA:0,ngTableGroupRowController
FNDA:0,init
FNDA:0,changeSortDirection
FNDA:0,findGroupColumn
FNDA:0,(anonymous_174)
FNDA:0,getGroupTitle
FNDA:0,getGroupables
FNDA:0,(anonymous_177)
FNDA:0,getVisibleColumns
FNDA:0,(anonymous_179)
FNDA:0,groupBy
FNDA:0,isSelectedGroup
FNDA:0,setGroup
FNDA:0,toggleDetail
FNDA:1,(anonymous_184)
FNDA:0,ngTableGroupRow
FNDA:1,(anonymous_186)
FNDA:0,ngTableSorterRowController
FNDA:0,sortBy
FNDA:1,(anonymous_189)
FNDA:0,ngTableSorterRow
FNDA:1,(anonymous_191)
FNDA:0,ngTableSelectFilterDs
FNDA:0,ngTableSelectFilterDsController
FNDA:0,init
FNDA:0,(anonymous_195)
FNDA:0,bindDataSource
FNDA:0,(anonymous_197)
FNDA:0,hasEmptyOption
FNDA:0,getSelectListData
FNDA:22,(anonymous_200)
DA:1,1
DA:4,1
DA:5,0
DA:6,0
DA:9,1
DA:22,1
DA:28,1
DA:39,1
DA:46,1
DA:61,1
DA:64,1
DA:67,1
DA:81,1
DA:83,0
DA:84,0
DA:85,0
DA:86,0
DA:87,0
DA:88,0
DA:92,1
DA:93,0
DA:94,0
DA:95,0
DA:96,0
DA:97,0
DA:100,1
DA:102,0
DA:103,0
DA:104,0
DA:106,0
DA:107,0
DA:108,0
DA:110,0
DA:112,0
DA:113,0
DA:114,0
DA:118,0
DA:119,0
DA:120,0
DA:121,0
DA:125,0
DA:127,0
DA:129,0
DA:130,0
DA:131,0
DA:132,0
DA:138,1
DA:139,0
DA:140,0
DA:141,0
DA:145,1
DA:146,0
DA:159,1
DA:162,1
DA:165,1
DA:167,1
DA:168,22
DA:169,22
DA:175,22
DA:176,22
DA:177,22
DA:179,22
DA:183,1
DA:184,22
DA:187,1
DA:188,22
DA:191,1
DA:192,0
DA:193,0
DA:194,0
DA:199,22
DA:201,1
DA:203,0
DA:205,0
DA:210,0
DA:212,0
DA:217,0
DA:221,1
DA:222,0
DA:223,0
DA:225,0
DA:226,0
DA:229,0
DA:232,1
DA:233,0
DA:247,1
DA:251,1
DA:254,1
DA:270,1
DA:271,22
DA:272,22
DA:273,22
DA:274,22
DA:278,22
DA:289,1
DA:291,0
DA:293,0
DA:294,0
DA:295,0
DA:297,0
DA:299,1
DA:300,0
DA:301,0
DA:302,0
DA:304,0
DA:308,1
DA:309,0
DA:312,1
DA:313,0
DA:314,0
DA:317,0
DA:318,0
DA:319,0
DA:320,0
DA:321,0
DA:323,0
DA:324,0
DA:327,1
DA:328,0
DA:329,0
DA:330,0
DA:333,1
DA:334,0
DA:335,0
DA:336,0
DA:339,1
DA:340,0
DA:341,0
DA:344,0
DA:346,0
DA:347,0
DA:348,0
DA:353,1
DA:354,0
DA:355,0
DA:356,0
DA:357,0
DA:359,0
DA:360,0
DA:361,0
DA:362,0
DA:364,0
DA:367,0
DA:368,0
DA:382,1
DA:390,1
DA:392,0
DA:409,1
DA:411,0
DA:412,0
DA:413,0
DA:414,0
DA:415,0
DA:417,0
DA:422,0
DA:423,0
DA:424,0
DA:425,0
DA:427,0
DA:430,0
DA:431,0
DA:433,0
DA:436,0
DA:438,0
DA:439,0
DA:440,0
DA:441,0
DA:443,0
DA:444,0
DA:445,0
DA:449,0
DA:452,0
DA:453,0
DA:457,0
DA:460,1
DA:461,0
DA:475,1
DA:476,0
DA:477,0
DA:478,0
DA:479,0
DA:481,0
DA:484,0
DA:485,0
DA:487,0
DA:490,1
DA:491,0
DA:504,1
DA:512,1
DA:513,0
DA:514,0
DA:516,0
DA:520,0
DA:521,0
DA:524,0
DA:530,0
DA:531,0
DA:548,0
DA:559,0
DA:560,0
DA:561,0
DA:562,0
DA:563,0
DA:564,0
DA:565,0
DA:566,0
DA:567,0
DA:568,0
DA:569,0
DA:570,0
DA:571,0
DA:572,0
DA:575,0
DA:576,0
DA:578,0
DA:580,0
DA:581,0
DA:583,0
DA:587,0
DA:588,0
DA:590,0
DA:593,1
DA:594,0
DA:595,0
DA:596,0
DA:597,0
DA:599,0
DA:600,0
DA:601,0
DA:602,0
DA:603,0
DA:604,0
DA:605,0
DA:606,0
DA:607,0
DA:610,0
DA:612,0
DA:624,0
DA:625,0
DA:630,0
DA:631,0
DA:633,0
DA:634,0
DA:637,0
DA:639,0
DA:642,0
DA:643,0
DA:645,0
DA:646,0
DA:650,0
DA:651,0
DA:652,0
DA:653,0
DA:655,0
DA:657,0
DA:658,0
DA:661,0
DA:662,0
DA:664,0
DA:667,0
DA:668,0
DA:670,0
DA:681,0
DA:682,0
DA:695,0
DA:696,0
DA:709,0
DA:711,0
DA:729,0
DA:730,0
DA:731,0
DA:735,0
DA:736,0
DA:737,0
DA:738,0
DA:739,0
DA:740,0
DA:741,0
DA:744,0
DA:746,0
DA:759,0
DA:760,0
DA:761,0
DA:764,0
DA:767,0
DA:768,0
DA:769,0
DA:770,0
DA:771,0
DA:772,0
DA:773,0
DA:775,0
DA:777,0
DA:778,0
DA:789,0
DA:790,0
DA:791,0
DA:792,0
DA:793,0
DA:796,0
DA:798,0
DA:812,0
DA:813,0
DA:814,0
DA:816,0
DA:827,0
DA:828,0
DA:831,1
DA:832,0
DA:833,0
DA:834,0
DA:836,0
DA:852,0
DA:853,0
DA:854,0
DA:855,0
DA:856,0
DA:859,0
DA:860,0
DA:862,0
DA:863,0
DA:864,0
DA:865,0
DA:870,0
DA:876,0
DA:877,0
DA:878,0
DA:879,0
DA:880,0
DA:881,0
DA:882,0
DA:883,0
DA:888,0
DA:895,0
DA:897,0
DA:903,0
DA:909,0
DA:921,0
DA:923,0
DA:927,1
DA:928,0
DA:929,0
DA:930,0
DA:932,0
DA:941,0
DA:942,0
DA:951,0
DA:952,0
DA:953,0
DA:956,0
DA:957,0
DA:958,0
DA:960,0
DA:963,0
DA:964,0
DA:966,0
DA:977,0
DA:978,0
DA:979,0
DA:982,1
DA:983,0
DA:984,0
DA:986,0
DA:997,0
DA:998,0
DA:999,0
DA:1000,0
DA:1001,0
DA:1002,0
DA:1004,0
DA:1005,0
DA:1006,0
DA:1007,0
DA:1008,0
DA:1011,0
DA:1012,0
DA:1016,0
DA:1018,1
DA:1019,0
DA:1020,0
DA:1022,0
DA:1026,1
DA:1027,0
DA:1036,0
DA:1037,0
DA:1040,0
DA:1042,0
DA:1043,0
DA:1045,0
DA:1046,0
DA:1048,0
DA:1051,0
DA:1053,0
DA:1054,0
DA:1055,0
DA:1056,0
DA:1058,0
DA:1061,0
DA:1062,0
DA:1064,0
DA:1066,0
DA:1068,0
DA:1081,0
DA:1082,0
DA:1085,1
DA:1087,0
DA:1090,0
DA:1094,0
DA:1095,0
DA:1096,0
DA:1097,0
DA:1098,0
DA:1099,0
DA:1100,0
DA:1101,0
DA:1106,1
DA:1107,0
DA:1109,0
DA:1110,0
DA:1111,0
DA:1112,0
DA:1113,0
DA:1115,0
DA:1120,1
DA:1122,0
DA:1136,1
DA:1137,0
DA:1150,1
DA:1152,0
DA:1153,0
DA:1154,0
DA:1155,0
DA:1156,0
DA:1157,0
DA:1160,0
DA:1161,0
DA:1162,0
DA:1163,0
DA:1167,0
DA:1168,0
DA:1169,0
DA:1170,0
DA:1171,0
DA:1172,0
DA:1173,0
DA:1174,0
DA:1175,0
DA:1180,0
DA:1182,0
DA:1183,0
DA:1184,0
DA:1186,0
DA:1187,0
DA:1188,0
DA:1191,0
DA:1194,0
DA:1197,0
DA:1201,1
DA:1204,0
DA:1208,0
DA:1212,0
DA:1216,0
DA:1218,0
DA:1222,0
DA:1229,0
DA:1237,0
DA:1251,0
DA:1252,0
DA:1253,0
DA:1254,0
DA:1256,0
DA:1259,0
DA:1260,0
DA:1262,0
DA:1264,0
DA:1266,0
DA:1280,1
DA:1288,1
DA:1291,0
DA:1292,0
DA:1293,0
DA:1298,0
DA:1299,0
DA:1301,0
DA:1303,0
DA:1304,0
DA:1305,0
DA:1306,0
DA:1307,0
DA:1311,1
DA:1312,0
DA:1313,0
DA:1316,0
DA:1318,0
DA:1319,0
DA:1321,0
DA:1322,0
DA:1323,0
DA:1324,0
DA:1326,0
DA:1327,0
DA:1329,0
DA:1332,0
DA:1340,0
DA:1341,0
DA:1342,0
DA:1345,0
DA:1348,0
DA:1350,0
DA:1351,0
DA:1352,0
DA:1356,0
DA:1357,0
DA:1360,0
DA:1361,0
DA:1362,0
DA:1363,0
DA:1366,0
DA:1367,0
DA:1368,0
DA:1370,0
DA:1374,0
DA:1375,0
DA:1376,0
DA:1378,0
DA:1382,0
DA:1383,0
DA:1384,0
DA:1385,0
DA:1386,0
DA:1387,0
DA:1388,0
DA:1393,0
DA:1394,0
DA:1395,0
DA:1396,0
DA:1398,0
DA:1400,0
DA:1402,0
DA:1407,0
DA:1412,0
DA:1413,0
DA:1414,0
DA:1415,0
DA:1417,0
DA:1420,0
DA:1421,0
DA:1422,0
DA:1423,0
DA:1428,0
DA:1432,0
DA:1439,0
DA:1440,0
DA:1441,0
DA:1442,0
DA:1444,0
DA:1445,0
DA:1448,0
DA:1449,0
DA:1452,1
DA:1453,0
DA:1454,0
DA:1455,0
DA:1458,0
DA:1459,0
DA:1463,0
DA:1464,0
DA:1465,0
DA:1470,1
DA:1471,0
DA:1472,0
DA:1473,0
DA:1474,0
DA:1475,0
DA:1477,0
DA:1479,0
DA:1480,0
DA:1484,0
DA:1485,0
DA:1490,1
DA:1491,0
DA:1492,0
DA:1496,1
DA:1497,0
DA:1499,0
DA:1500,0
DA:1504,1
DA:1505,0
DA:1506,0
DA:1507,0
DA:1508,0
DA:1509,0
DA:1510,0
DA:1513,0
DA:1516,1
DA:1517,0
DA:1518,0
DA:1520,1
DA:1521,0
DA:1522,0
DA:1523,0
DA:1524,0
DA:1526,0
DA:1527,0
DA:1531,1
DA:1532,0
DA:1535,1
DA:1536,0
DA:1540,0
DA:1552,1
DA:1562,1
DA:1566,0
DA:1572,0
DA:1578,0
DA:1579,0
DA:1581,0
DA:1582,0
DA:1584,0
DA:1585,0
DA:1588,0
DA:1589,0
DA:1591,0
DA:1592,0
DA:1593,0
DA:1594,0
DA:1597,0
DA:1598,0
DA:1600,0
DA:1601,0
DA:1602,0
DA:1603,0
DA:1604,0
DA:1606,0
DA:1610,0
DA:1611,0
DA:1612,0
DA:1613,0
DA:1616,0
DA:1617,0
DA:1618,0
DA:1619,0
DA:1621,0
DA:1623,0
DA:1624,0
DA:1625,0
DA:1628,0
DA:1630,0
DA:1633,0
DA:1635,0
DA:1636,0
DA:1637,0
DA:1641,0
DA:1655,0
DA:1660,0
DA:1663,0
DA:1664,0
DA:1666,0
DA:1667,0
DA:1668,0
DA:1684,1
DA:1696,1
DA:1698,0
DA:1704,0
DA:1707,0
DA:1708,0
DA:1709,0
DA:1710,0
DA:1713,0
DA:1714,0
DA:1717,0
DA:1718,0
DA:1719,0
DA:1720,0
DA:1724,0
DA:1725,0
DA:1726,0
DA:1728,0
DA:1729,0
DA:1730,0
DA:1733,0
DA:1734,0
DA:1736,0
DA:1737,0
DA:1739,0
DA:1740,0
DA:1741,0
DA:1757,1
DA:1760,1
DA:1763,1
DA:1773,1
DA:1774,0
DA:1779,0
DA:1781,1
DA:1782,0
DA:1783,0
DA:1784,0
DA:1785,0
DA:1786,0
DA:1801,1
DA:1808,1
DA:1812,0
DA:1821,0
DA:1822,0
DA:1824,0
DA:1827,0
DA:1828,0
DA:1829,0
DA:1831,0
DA:1832,0
DA:1835,0
DA:1836,0
DA:1853,1
DA:1856,1
DA:1859,1
DA:1861,1
DA:1863,0
DA:1865,0
DA:1866,0
DA:1867,0
DA:1870,0
DA:1871,0
DA:1872,0
DA:1875,0
DA:1876,0
DA:1877,0
DA:1879,0
DA:1893,1
DA:1896,1
DA:1899,1
DA:1901,1
DA:1902,0
DA:1909,0
DA:1921,1
DA:1924,1
DA:1927,1
DA:1929,1
DA:1931,0
DA:1933,0
DA:1935,1
DA:1936,0
DA:1937,0
DA:1938,0
DA:1939,0
DA:1940,0
DA:1941,0
DA:1943,0
DA:1946,1
DA:1947,0
DA:1948,0
DA:1949,0
DA:1950,0
DA:1951,0
DA:1953,0
DA:1955,0
DA:1958,1
DA:1959,0
DA:1960,0
DA:1964,1
DA:1965,0
DA:1968,1
DA:1969,0
DA:1970,0
DA:1972,0
DA:1975,1
DA:1976,0
DA:1977,0
DA:1981,1
DA:1982,0
DA:1983,0
DA:1985,0
DA:1986,0
DA:1988,0
DA:1993,1
DA:1994,0
DA:1995,0
DA:1997,0
DA:2001,1
DA:2002,0
DA:2003,0
DA:2004,0
DA:2006,0
DA:2007,0
DA:2008,0
DA:2009,0
DA:2012,0
DA:2013,0
DA:2014,0
DA:2015,0
DA:2016,0
DA:2017,0
DA:2018,0
DA:2024,1
DA:2025,0
DA:2026,0
DA:2039,1
DA:2042,1
DA:2045,1
DA:2047,1
DA:2048,0
DA:2056,0
DA:2068,1
DA:2071,1
DA:2074,1
DA:2076,1
DA:2078,0
DA:2082,1
DA:2083,0
DA:2084,0
DA:2085,0
DA:2087,0
DA:2088,0
DA:2089,0
DA:2090,0
DA:2091,0
DA:2092,0
DA:2107,1
DA:2110,1
DA:2113,1
DA:2115,1
DA:2116,0
DA:2123,0
DA:2135,1
DA:2152,1
DA:2155,1
DA:2157,1
DA:2161,0
DA:2165,0
DA:2168,1
DA:2169,1
DA:2171,0
DA:2172,0
DA:2174,1
DA:2175,0
DA:2176,0
DA:2177,0
DA:2181,1
DA:2182,0
DA:2183,0
DA:2184,0
DA:2186,0
DA:2187,0
DA:2191,1
DA:2192,0
DA:2193,0
DA:2194,0
DA:2195,0
DA:2196,0
DA:2197,0
DA:2200,0
DA:2203,1
DA:2204,0
DA:2205,0
DA:2210,1
DA:2211,22
DA:2212,22
DA:2213,22
DA:2214,22
DA:2215,22
DA:2216,22
DA:2217,22
DA:2218,22
DA:2219,22
DA:2221,1
LF:863
LH:150
BRDA:4,1,0,0
BRDA:4,1,1,1
BRDA:4,2,0,1
BRDA:4,2,1,0
BRDA:11,3,0,1
BRDA:11,3,1,0
BRDA:106,4,0,0
BRDA:106,4,1,0
BRDA:107,5,0,0
BRDA:107,5,1,0
BRDA:112,6,0,0
BRDA:112,6,1,0
BRDA:118,7,0,0
BRDA:118,7,1,0
BRDA:127,8,0,0
BRDA:127,8,1,0
BRDA:131,9,0,0
BRDA:131,9,1,0
BRDA:146,10,0,0
BRDA:146,10,1,0
BRDA:212,11,0,0
BRDA:212,11,1,0
BRDA:222,12,0,0
BRDA:222,12,1,0
BRDA:225,13,0,0
BRDA:225,13,1,0
BRDA:233,14,0,0
BRDA:233,14,1,0
BRDA:301,15,0,0
BRDA:301,15,1,0
BRDA:304,16,0,0
BRDA:304,16,1,0
BRDA:313,17,0,0
BRDA:313,17,1,0
BRDA:336,18,0,0
BRDA:336,18,1,0
BRDA:340,19,0,0
BRDA:340,19,1,0
BRDA:346,20,0,0
BRDA:346,20,1,0
BRDA:347,21,0,0
BRDA:347,21,1,0
BRDA:348,22,0,0
BRDA:348,22,1,0
BRDA:361,23,0,0
BRDA:361,23,1,0
BRDA:414,24,0,0
BRDA:414,24,1,0
BRDA:417,25,0,0
BRDA:417,25,1,0
BRDA:424,26,0,0
BRDA:424,26,1,0
BRDA:424,27,0,0
BRDA:424,27,1,0
BRDA:440,28,0,0
BRDA:440,28,1,0
BRDA:440,29,0,0
BRDA:440,29,1,0
BRDA:443,30,0,0
BRDA:443,30,1,0
BRDA:452,31,0,0
BRDA:452,31,1,0
BRDA:478,32,0,0
BRDA:478,32,1,0
BRDA:478,33,0,0
BRDA:478,33,1,0
BRDA:491,34,0,0
BRDA:491,34,1,0
BRDA:514,35,0,0
BRDA:514,35,1,0
BRDA:520,36,0,0
BRDA:520,36,1,0
BRDA:530,37,0,0
BRDA:530,37,1,0
BRDA:530,38,0,0
BRDA:530,38,1,0
BRDA:560,39,0,0
BRDA:560,39,1,0
BRDA:561,40,0,0
BRDA:561,40,1,0
BRDA:564,41,0,0
BRDA:564,41,1,0
BRDA:564,42,0,0
BRDA:564,42,1,0
BRDA:569,43,0,0
BRDA:569,43,1,0
BRDA:572,44,0,0
BRDA:572,44,1,0
BRDA:575,45,0,0
BRDA:575,45,1,0
BRDA:578,46,0,0
BRDA:578,46,1,0
BRDA:580,47,0,0
BRDA:580,47,1,0
BRDA:583,48,0,0
BRDA:583,48,1,0
BRDA:594,49,0,0
BRDA:594,49,1,0
BRDA:595,50,0,0
BRDA:595,50,1,0
BRDA:596,51,0,0
BRDA:596,51,1,0
BRDA:600,52,0,0
BRDA:600,52,1,0
BRDA:604,53,0,0
BRDA:604,53,1,0
BRDA:606,54,0,0
BRDA:606,54,1,0
BRDA:625,55,0,0
BRDA:625,55,1,0
BRDA:630,56,0,0
BRDA:630,56,1,0
BRDA:633,57,0,0
BRDA:633,57,1,0
BRDA:637,58,0,0
BRDA:637,58,1,0
BRDA:645,59,0,0
BRDA:645,59,1,0
BRDA:650,60,0,0
BRDA:650,60,1,0
BRDA:651,61,0,0
BRDA:651,61,1,0
BRDA:652,62,0,0
BRDA:652,62,1,0
BRDA:661,63,0,0
BRDA:661,63,1,0
BRDA:682,64,0,0
BRDA:682,64,1,0
BRDA:696,65,0,0
BRDA:696,65,1,0
BRDA:711,66,0,0
BRDA:711,66,1,0
BRDA:730,67,0,0
BRDA:730,67,1,0
BRDA:730,68,0,0
BRDA:730,68,1,0
BRDA:735,69,0,0
BRDA:735,69,1,0
BRDA:740,70,0,0
BRDA:740,70,1,0
BRDA:740,71,0,0
BRDA:740,71,1,0
BRDA:760,72,0,0
BRDA:760,72,1,0
BRDA:767,73,0,0
BRDA:767,73,1,0
BRDA:767,74,0,0
BRDA:767,74,1,0
BRDA:770,75,0,0
BRDA:770,75,1,0
BRDA:770,76,0,0
BRDA:770,76,1,0
BRDA:790,77,0,0
BRDA:790,77,1,0
BRDA:798,78,0,0
BRDA:798,78,1,0
BRDA:813,79,0,0
BRDA:813,79,1,0
BRDA:814,80,0,0
BRDA:814,80,1,0
BRDA:834,81,0,0
BRDA:834,81,1,0
BRDA:853,82,0,0
BRDA:853,82,1,0
BRDA:860,83,0,0
BRDA:860,83,1,0
BRDA:860,84,0,0
BRDA:860,84,1,0
BRDA:864,85,0,0
BRDA:864,85,1,0
BRDA:882,86,0,0
BRDA:882,86,1,0
BRDA:882,87,0,0
BRDA:882,87,1,0
BRDA:882,87,2,0
BRDA:882,87,3,0
BRDA:923,88,0,0
BRDA:923,88,1,0
BRDA:923,88,2,0
BRDA:929,89,0,0
BRDA:929,89,1,0
BRDA:952,90,0,0
BRDA:952,90,1,0
BRDA:953,91,0,0
BRDA:953,91,1,0
BRDA:956,92,0,0
BRDA:956,92,1,0
BRDA:957,93,0,0
BRDA:957,93,1,0
BRDA:960,94,0,0
BRDA:960,94,1,0
BRDA:963,95,0,0
BRDA:963,95,1,0
BRDA:978,96,0,0
BRDA:978,96,1,0
BRDA:979,97,0,0
BRDA:979,97,1,0
BRDA:983,98,0,0
BRDA:983,98,1,0
BRDA:985,99,0,0
BRDA:985,99,1,0
BRDA:985,99,2,0
BRDA:998,100,0,0
BRDA:998,100,1,0
BRDA:999,101,0,0
BRDA:999,101,1,0
BRDA:1001,102,0,0
BRDA:1001,102,1,0
BRDA:1004,103,0,0
BRDA:1004,103,1,0
BRDA:1006,104,0,0
BRDA:1006,104,1,0
BRDA:1011,105,0,0
BRDA:1011,105,1,0
BRDA:1011,106,0,0
BRDA:1011,106,1,0
BRDA:1019,107,0,0
BRDA:1019,107,1,0
BRDA:1027,108,0,0
BRDA:1027,108,1,0
BRDA:1027,109,0,0
BRDA:1027,109,1,0
BRDA:1045,110,0,0
BRDA:1045,110,1,0
BRDA:1082,111,0,0
BRDA:1082,111,1,0
BRDA:1087,112,0,0
BRDA:1087,112,1,0
BRDA:1087,113,0,0
BRDA:1087,113,1,0
BRDA:1087,113,2,0
BRDA:1099,114,0,0
BRDA:1099,114,1,0
BRDA:1107,115,0,0
BRDA:1107,115,1,0
BRDA:1110,116,0,0
BRDA:1110,116,1,0
BRDA:1110,116,2,0
BRDA:1111,117,0,0
BRDA:1111,117,1,0
BRDA:1111,117,2,0
BRDA:1155,118,0,0
BRDA:1155,118,1,0
BRDA:1175,119,0,0
BRDA:1175,119,1,0
BRDA:1186,120,0,0
BRDA:1186,120,1,0
BRDA:1204,121,0,0
BRDA:1204,121,1,0
BRDA:1208,122,0,0
BRDA:1208,122,1,0
BRDA:1212,123,0,0
BRDA:1212,123,1,0
BRDA:1216,124,0,0
BRDA:1216,124,1,0
BRDA:1298,125,0,0
BRDA:1298,125,1,0
BRDA:1312,126,0,0
BRDA:1312,126,1,0
BRDA:1312,127,0,0
BRDA:1312,127,1,0
BRDA:1321,128,0,0
BRDA:1321,128,1,0
BRDA:1326,129,0,0
BRDA:1326,129,1,0
BRDA:1341,130,0,0
BRDA:1341,130,1,0
BRDA:1341,131,0,0
BRDA:1341,131,1,0
BRDA:1351,132,0,0
BRDA:1351,132,1,0
BRDA:1353,133,0,0
BRDA:1353,133,1,0
BRDA:1354,134,0,0
BRDA:1354,134,1,0
BRDA:1362,135,0,0
BRDA:1362,135,1,0
BRDA:1366,136,0,0
BRDA:1366,136,1,0
BRDA:1375,137,0,0
BRDA:1375,137,1,0
BRDA:1386,138,0,0
BRDA:1386,138,1,0
BRDA:1393,139,0,0
BRDA:1393,139,1,0
BRDA:1393,140,0,0
BRDA:1393,140,1,0
BRDA:1393,140,2,0
BRDA:1394,141,0,0
BRDA:1394,141,1,0
BRDA:1398,142,0,0
BRDA:1398,142,1,0
BRDA:1398,143,0,0
BRDA:1398,143,1,0
BRDA:1398,143,2,0
BRDA:1414,144,0,0
BRDA:1414,144,1,0
BRDA:1421,145,0,0
BRDA:1421,145,1,0
BRDA:1421,146,0,0
BRDA:1421,146,1,0
BRDA:1441,147,0,0
BRDA:1441,147,1,0
BRDA:1453,148,0,0
BRDA:1453,148,1,0
BRDA:1463,149,0,0
BRDA:1463,149,1,0
BRDA:1472,150,0,0
BRDA:1472,150,1,0
BRDA:1477,151,0,0
BRDA:1477,151,1,0
BRDA:1491,152,0,0
BRDA:1491,152,1,0
BRDA:1497,153,0,0
BRDA:1497,153,1,0
BRDA:1500,154,0,0
BRDA:1500,154,1,0
BRDA:1508,155,0,0
BRDA:1508,155,1,0
BRDA:1522,156,0,0
BRDA:1522,156,1,0
BRDA:1523,157,0,0
BRDA:1523,157,1,0
BRDA:1526,158,0,0
BRDA:1526,158,1,0
BRDA:1588,159,0,0
BRDA:1588,159,1,0
BRDA:1593,160,0,0
BRDA:1593,160,1,0
BRDA:1593,161,0,0
BRDA:1593,161,1,0
BRDA:1598,162,0,0
BRDA:1598,162,1,0
BRDA:1598,162,2,0
BRDA:1601,163,0,0
BRDA:1601,163,1,0
BRDA:1603,164,0,0
BRDA:1603,164,1,0
BRDA:1612,165,0,0
BRDA:1612,165,1,0
BRDA:1618,166,0,0
BRDA:1618,166,1,0
BRDA:1625,167,0,0
BRDA:1625,167,1,0
BRDA:1635,168,0,0
BRDA:1635,168,1,0
BRDA:1636,169,0,0
BRDA:1636,169,1,0
BRDA:1652,170,0,0
BRDA:1652,170,1,0
BRDA:1655,171,0,0
BRDA:1655,171,1,0
BRDA:1655,172,0,0
BRDA:1655,172,1,0
BRDA:1709,173,0,0
BRDA:1709,173,1,0
BRDA:1709,174,0,0
BRDA:1709,174,1,0
BRDA:1713,175,0,0
BRDA:1713,175,1,0
BRDA:1720,176,0,0
BRDA:1720,176,1,0
BRDA:1720,176,2,0
BRDA:1725,177,0,0
BRDA:1725,177,1,0
BRDA:1729,178,0,0
BRDA:1729,178,1,0
BRDA:1783,179,0,0
BRDA:1783,179,1,0
BRDA:1785,180,0,0
BRDA:1785,180,1,0
BRDA:1828,181,0,0
BRDA:1828,181,1,0
BRDA:1866,182,0,0
BRDA:1866,182,1,0
BRDA:1876,183,0,0
BRDA:1876,183,1,0
BRDA:1948,184,0,0
BRDA:1948,184,1,0
BRDA:1950,185,0,0
BRDA:1950,185,1,0
BRDA:1965,186,0,0
BRDA:1965,186,1,0
BRDA:1982,187,0,0
BRDA:1982,187,1,0
BRDA:1985,188,0,0
BRDA:1985,188,1,0
BRDA:1994,189,0,0
BRDA:1994,189,1,0
BRDA:2003,190,0,0
BRDA:2003,190,1,0
BRDA:2003,191,0,0
BRDA:2003,191,1,0
BRDA:2006,192,0,0
BRDA:2006,192,1,0
BRDA:2012,193,0,0
BRDA:2012,193,1,0
BRDA:2014,194,0,0
BRDA:2014,194,1,0
BRDA:2017,195,0,0
BRDA:2017,195,1,0
BRDA:2083,196,0,0
BRDA:2083,196,1,0
BRDA:2084,197,0,0
BRDA:2084,197,1,0
BRDA:2088,198,0,0
BRDA:2088,198,1,0
BRDA:2089,199,0,0
BRDA:2089,199,1,0
BRDA:2089,199,2,0
BRDA:2090,200,0,0
BRDA:2090,200,1,0
BRDA:2090,201,0,0
BRDA:2090,201,1,0
BRDA:2091,202,0,0
BRDA:2091,202,1,0
BRDA:2183,203,0,0
BRDA:2183,203,1,0
BRDA:2183,204,0,0
BRDA:2183,204,1,0
BRDA:2186,205,0,0
BRDA:2186,205,1,0
BRDA:2195,206,0,0
BRDA:2195,206,1,0
BRDA:2195,207,0,0
BRDA:2195,207,1,0
BRDA:2204,208,0,0
BRDA:2204,208,1,0
BRF:428
BRH:3
end_of_record
TN:
SF:C:\projetos-java\hackaton-stefanini-estatico\src\app\spas\hackaton-stefanini.service.js
FN:1,(anonymous_1)
FN:5,HackatonStefaniniService
FN:7,(anonymous_3)
FN:10,(anonymous_4)
FN:13,(anonymous_5)
FN:16,(anonymous_6)
FN:19,(anonymous_7)
FN:23,(anonymous_8)
FN:30,tratarResposta
FN:33,tratarErro
FNF:10
FNH:7
FNDA:1,(anonymous_1)
FNDA:22,HackatonStefaniniService
FNDA:1,(anonymous_3)
FNDA:0,(anonymous_4)
FNDA:1,(anonymous_5)
FNDA:1,(anonymous_6)
FNDA:1,(anonymous_7)
FNDA:0,(anonymous_8)
FNDA:4,tratarResposta
FNDA:0,tratarErro
DA:1,1
DA:3,1
DA:4,1
DA:5,1
DA:6,22
DA:8,1
DA:11,0
DA:14,1
DA:17,1
DA:20,1
DA:24,0
DA:30,1
DA:31,4
DA:33,1
DA:34,0
DA:35,0
DA:37,22
LF:17
LH:13
BRF:0
BRH:0
end_of_record
TN:
SF:C:\projetos-java\hackaton-stefanini-estatico\src\app\spas\homePage\home.controller.js
FN:6,HomeController
FN:11,(anonymous_2)
FN:16,(anonymous_3)
FN:22,(anonymous_4)
FNF:4
FNH:1
FNDA:1,HomeController
FNDA:0,(anonymous_2)
FNDA:0,(anonymous_3)
FNDA:0,(anonymous_4)
DA:1,1
DA:3,1
DA:6,1
DA:8,1
DA:9,1
DA:11,1
DA:13,0
DA:16,1
DA:17,0
DA:21,0
DA:23,0
DA:24,0
LF:12
LH:7
BRDA:23,1,0,0
BRDA:23,1,1,0
BRF:2
BRH:0
end_of_record
TN:
SF:C:\projetos-java\hackaton-stefanini-estatico\src\app\spas\menu\menu.controller.js
FN:5,MenuController
FN:9,(anonymous_2)
FN:44,(anonymous_3)
FN:50,(anonymous_4)
FNF:4
FNH:2
FNDA:8,MenuController
FNDA:7,(anonymous_2)
FNDA:0,(anonymous_3)
FNDA:0,(anonymous_4)
DA:1,1
DA:2,1
DA:5,1
DA:7,8
DA:9,8
DA:11,7
DA:13,1
DA:14,1
DA:17,1
DA:18,1
DA:21,1
DA:22,1
DA:25,1
DA:26,1
DA:29,1
DA:30,1
DA:33,1
DA:34,1
DA:37,1
DA:38,1
DA:44,8
DA:45,0
DA:49,0
DA:51,0
DA:52,0
LF:25
LH:21
BRDA:11,1,0,1
BRDA:11,1,1,1
BRDA:11,1,2,1
BRDA:11,1,3,1
BRDA:11,1,4,1
BRDA:11,1,5,1
BRDA:11,1,6,1
BRDA:51,2,0,0
BRDA:51,2,1,0
BRF:9
BRH:7
end_of_record
TN:
SF:C:\projetos-java\hackaton-stefanini-estatico\src\app\spas\perfis\perfil-incluir-alterar.controller.js
FN:11,PerfilIncluirAlterarController
FN:32,(anonymous_2)
FN:37,(anonymous_3)
FN:46,(anonymous_4)
FN:59,(anonymous_5)
FN:63,(anonymous_6)
FN:67,(anonymous_7)
FN:73,(anonymous_8)
FN:80,(anonymous_9)
FN:86,(anonymous_10)
FN:89,(anonymous_11)
FN:95,(anonymous_12)
FN:98,(anonymous_13)
FN:108,(anonymous_14)
FN:111,(anonymous_15)
FN:120,(anonymous_16)
FN:124,(anonymous_17)
FN:132,(anonymous_18)
FN:136,(anonymous_19)
FN:145,(anonymous_20)
FN:149,(anonymous_21)
FNF:21
FNH:3
FNDA:2,PerfilIncluirAlterarController
FNDA:0,(anonymous_2)
FNDA:0,(anonymous_3)
FNDA:0,(anonymous_4)
FNDA:1,(anonymous_5)
FNDA:1,(anonymous_6)
FNDA:0,(anonymous_7)
FNDA:0,(anonymous_8)
FNDA:0,(anonymous_9)
FNDA:0,(anonymous_10)
FNDA:0,(anonymous_11)
FNDA:0,(anonymous_12)
FNDA:0,(anonymous_13)
FNDA:0,(anonymous_14)
FNDA:0,(anonymous_15)
FNDA:0,(anonymous_16)
FNDA:0,(anonymous_17)
FNDA:0,(anonymous_18)
FNDA:0,(anonymous_19)
FNDA:0,(anonymous_20)
FNDA:0,(anonymous_21)
DA:1,1
DA:2,1
DA:11,1
DA:21,2
DA:23,2
DA:29,2
DA:32,2
DA:33,0
DA:34,0
DA:36,0
DA:38,0
DA:39,0
DA:41,0
DA:42,0
DA:43,0
DA:45,0
DA:47,0
DA:48,0
DA:59,2
DA:60,1
DA:63,2
DA:64,1
DA:67,2
DA:68,0
DA:69,0
DA:71,0
DA:72,0
DA:74,0
DA:78,0
DA:79,0
DA:81,0
DA:86,2
DA:87,0
DA:88,0
DA:90,0
DA:95,2
DA:96,0
DA:97,0
DA:99,0
DA:100,0
DA:102,0
DA:105,0
DA:108,2
DA:109,0
DA:110,0
DA:112,0
DA:113,0
DA:117,0
DA:120,2
DA:121,0
DA:122,0
DA:123,0
DA:125,0
DA:126,0
DA:129,0
DA:132,2
DA:133,0
DA:134,0
DA:135,0
DA:137,0
DA:138,0
DA:142,0
DA:145,2
DA:147,0
DA:148,0
DA:150,0
DA:151,0
DA:155,0
LF:68
LH:18
BRDA:38,1,0,0
BRDA:38,1,1,0
BRDA:41,2,0,0
BRDA:41,2,1,0
BRDA:47,3,0,0
BRDA:47,3,1,0
BRDA:71,4,0,0
BRDA:71,4,1,0
BRDA:78,5,0,0
BRDA:78,5,1,0
BRDA:99,6,0,0
BRDA:99,6,1,0
BRDA:112,7,0,0
BRDA:112,7,1,0
BRDA:125,8,0,0
BRDA:125,8,1,0
BRDA:137,9,0,0
BRDA:137,9,1,0
BRDA:150,10,0,0
BRDA:150,10,1,0
BRF:20
BRH:0
end_of_record
TN:
SF:C:\projetos-java\hackaton-stefanini-estatico\src\app\spas\perfis\perfil-listar.controller.js
FN:5,PerfilListarController
FN:15,(anonymous_2)
FN:17,(anonymous_3)
FN:30,(anonymous_4)
FN:37,(anonymous_5)
FN:45,(anonymous_6)
FN:57,(anonymous_7)
FN:62,(anonymous_8)
FN:73,(anonymous_9)
FN:78,(anonymous_10)
FN:80,(anonymous_11)
FN:84,(anonymous_12)
FNF:12
FNH:1
FNDA:1,PerfilListarController
FNDA:0,(anonymous_2)
FNDA:0,(anonymous_3)
FNDA:0,(anonymous_4)
FNDA:0,(anonymous_5)
FNDA:0,(anonymous_6)
FNDA:0,(anonymous_7)
FNDA:0,(anonymous_8)
FNDA:0,(anonymous_9)
FNDA:0,(anonymous_10)
FNDA:0,(anonymous_11)
FNDA:0,(anonymous_12)
DA:1,1
DA:2,1
DA:5,1
DA:7,1
DA:9,1
DA:10,1
DA:11,1
DA:13,1
DA:15,1
DA:16,0
DA:18,0
DA:19,0
DA:21,0
DA:22,0
DA:23,0
DA:24,0
DA:26,0
DA:27,0
DA:28,0
DA:30,0
DA:31,0
DA:33,0
DA:37,1
DA:39,0
DA:40,0
DA:42,0
DA:45,1
DA:47,0
DA:48,0
DA:50,0
DA:51,0
DA:52,0
DA:53,0
DA:54,0
DA:55,0
DA:57,0
DA:58,0
DA:62,1
DA:64,0
DA:66,0
DA:67,0
DA:68,0
DA:69,0
DA:70,0
DA:71,0
DA:73,0
DA:74,0
DA:78,1
DA:79,0
DA:81,0
DA:84,1
DA:85,0
DA:86,0
DA:88,0
LF:54
LH:14
BRDA:18,1,0,0
BRDA:18,1,1,0
BRDA:22,2,0,0
BRDA:22,2,1,0
BRDA:23,3,0,0
BRDA:23,3,1,0
BRDA:39,4,0,0
BRDA:39,4,1,0
BRDA:85,5,0,0
BRDA:85,5,1,0
BRF:10
BRH:0
end_of_record
TN:
SF:C:\projetos-java\hackaton-stefanini-estatico\src\app\spas\pessoas\pessoa-incluir-alterar.controller.js
FN:11,PessoaIncluirAlterarController
FN:48,(anonymous_2)
FN:54,(anonymous_3)
FN:61,(anonymous_4)
FN:79,(anonymous_5)
FN:83,(anonymous_6)
FN:87,(anonymous_7)
FN:99,(anonymous_8)
FN:104,(anonymous_9)
FN:112,(anonymous_10)
FN:124,(anonymous_11)
FN:135,(anonymous_12)
FN:141,(anonymous_13)
FN:147,(anonymous_14)
FN:153,(anonymous_15)
FN:159,(anonymous_16)
FN:162,(anonymous_17)
FN:172,(anonymous_18)
FN:176,(anonymous_19)
FN:185,(anonymous_20)
FN:189,(anonymous_21)
FN:198,(anonymous_22)
FN:203,(anonymous_23)
FN:212,(anonymous_24)
FN:216,(anonymous_25)
FN:226,(anonymous_26)
FN:234,(anonymous_27)
FNF:27
FNH:13
FNDA:8,PessoaIncluirAlterarController
FNDA:0,(anonymous_2)
FNDA:0,(anonymous_3)
FNDA:0,(anonymous_4)
FNDA:1,(anonymous_5)
FNDA:1,(anonymous_6)
FNDA:0,(anonymous_7)
FNDA:0,(anonymous_8)
FNDA:0,(anonymous_9)
FNDA:0,(anonymous_10)
FNDA:0,(anonymous_11)
FNDA:0,(anonymous_12)
FNDA:0,(anonymous_13)
FNDA:0,(anonymous_14)
FNDA:0,(anonymous_15)
FNDA:0,(anonymous_16)
FNDA:0,(anonymous_17)
FNDA:1,(anonymous_18)
FNDA:1,(anonymous_19)
FNDA:1,(anonymous_20)
FNDA:1,(anonymous_21)
FNDA:1,(anonymous_22)
FNDA:1,(anonymous_23)
FNDA:1,(anonymous_24)
FNDA:1,(anonymous_25)
FNDA:1,(anonymous_26)
FNDA:1,(anonymous_27)
DA:1,1
DA:2,1
DA:11,1
DA:21,8
DA:23,8
DA:32,8
DA:43,8
DA:44,8
DA:45,8
DA:48,8
DA:49,0
DA:50,0
DA:53,0
DA:55,0
DA:56,0
DA:57,0
DA:58,0
DA:59,0
DA:60,0
DA:62,0
DA:63,0
DA:64,0
DA:65,0
DA:66,0
DA:67,0
DA:68,0
DA:79,8
DA:80,1
DA:83,8
DA:84,1
DA:87,8
DA:88,0
DA:89,0
DA:90,0
DA:91,0
DA:93,0
DA:94,0
DA:96,0
DA:99,8
DA:100,0
DA:101,0
DA:104,8
DA:106,0
DA:108,0
DA:109,0
DA:110,0
DA:112,0
DA:113,0
DA:114,0
DA:115,0
DA:118,0
DA:120,0
DA:122,0
DA:124,0
DA:125,0
DA:126,0
DA:129,0
DA:130,0
DA:132,0
DA:134,0
DA:136,0
DA:139,0
DA:140,0
DA:147,8
DA:148,0
DA:149,0
DA:150,0
DA:152,0
DA:154,0
DA:159,8
DA:160,0
DA:161,0
DA:163,0
DA:164,0
DA:166,0
DA:169,0
DA:172,8
DA:174,1
DA:175,1
DA:177,1
DA:178,1
DA:182,1
DA:185,8
DA:186,1
DA:187,1
DA:188,1
DA:190,1
DA:191,1
DA:195,1
DA:198,8
DA:200,1
DA:201,1
DA:202,1
DA:204,1
DA:205,1
DA:209,1
DA:212,8
DA:214,1
DA:215,1
DA:217,1
DA:218,1
DA:222,1
DA:226,8
DA:227,1
DA:228,1
DA:229,1
DA:231,1
DA:234,8
DA:235,1
DA:236,1
DA:237,1
DA:239,1
DA:242,8
LF:113
LH:56
BRDA:55,1,0,0
BRDA:55,1,1,0
BRDA:57,2,0,0
BRDA:57,2,1,0
BRDA:62,3,0,0
BRDA:62,3,1,0
BRDA:90,4,0,0
BRDA:90,4,1,0
BRDA:93,5,0,0
BRDA:93,5,1,0
BRDA:113,6,0,0
BRDA:113,6,1,0
BRDA:120,7,0,0
BRDA:120,7,1,0
BRDA:125,8,0,0
BRDA:125,8,1,0
BRDA:129,9,0,0
BRDA:129,9,1,0
BRDA:132,10,0,0
BRDA:132,10,1,0
BRDA:139,11,0,0
BRDA:139,11,1,0
BRDA:149,12,0,0
BRDA:149,12,1,0
BRDA:163,13,0,0
BRDA:163,13,1,0
BRDA:177,14,0,1
BRDA:177,14,1,0
BRDA:190,15,0,1
BRDA:190,15,1,0
BRDA:204,16,0,1
BRDA:204,16,1,0
BRDA:217,17,0,1
BRDA:217,17,1,0
BRF:34
BRH:4
end_of_record
TN:
SF:C:\projetos-java\hackaton-stefanini-estatico\src\app\spas\pessoas\pessoa-listar.controller.js
FN:5,PessoaListarController
FN:18,(anonymous_2)
FN:20,(anonymous_3)
FN:25,(anonymous_4)
FN:40,(anonymous_5)
FN:45,(anonymous_6)
FN:54,(anonymous_7)
FN:62,(anonymous_8)
FN:74,(anonymous_9)
FN:79,(anonymous_10)
FN:90,(anonymous_11)
FN:95,(anonymous_12)
FN:102,(anonymous_13)
FN:114,(anonymous_14)
FN:122,(anonymous_15)
FN:135,(anonymous_16)
FNF:16
FNH:2
FNDA:2,PessoaListarController
FNDA:0,(anonymous_2)
FNDA:0,(anonymous_3)
FNDA:0,(anonymous_4)
FNDA:0,(anonymous_5)
FNDA:0,(anonymous_6)
FNDA:0,(anonymous_7)
FNDA:0,(anonymous_8)
FNDA:0,(anonymous_9)
FNDA:0,(anonymous_10)
FNDA:0,(anonymous_11)
FNDA:0,(anonymous_12)
FNDA:0,(anonymous_13)
FNDA:0,(anonymous_14)
FNDA:0,(anonymous_15)
FNDA:1,(anonymous_16)
DA:1,1
DA:2,1
DA:5,1
DA:7,2
DA:9,2
DA:10,2
DA:11,2
DA:13,2
DA:14,2
DA:15,2
DA:18,2
DA:19,0
DA:21,0
DA:24,0
DA:26,0
DA:27,0
DA:28,0
DA:30,0
DA:31,0
DA:33,0
DA:34,0
DA:35,0
DA:36,0
DA:37,0
DA:40,0
DA:41,0
DA:44,0
DA:46,0
DA:47,0
DA:54,2
DA:56,0
DA:57,0
DA:59,0
DA:62,2
DA:64,0
DA:65,0
DA:67,0
DA:68,0
DA:69,0
DA:70,0
DA:71,0
DA:72,0
DA:74,0
DA:75,0
DA:79,2
DA:81,0
DA:83,0
DA:84,0
DA:85,0
DA:86,0
DA:87,0
DA:88,0
DA:90,0
DA:91,0
DA:95,2
DA:96,0
DA:97,0
DA:99,0
DA:102,2
DA:104,0
DA:106,0
DA:107,0
DA:108,0
DA:109,0
DA:111,0
DA:114,0
DA:115,0
DA:116,0
DA:119,0
DA:120,0
DA:121,0
DA:123,0
DA:124,0
DA:125,0
DA:130,0
DA:132,0
DA:135,2
DA:136,1
LF:78
LH:18
BRDA:27,1,0,0
BRDA:27,1,1,0
BRDA:31,2,0,0
BRDA:31,2,1,0
BRDA:33,3,0,0
BRDA:33,3,1,0
BRDA:46,4,0,0
BRDA:46,4,1,0
BRDA:56,5,0,0
BRDA:56,5,1,0
BRDA:96,6,0,0
BRDA:96,6,1,0
BRDA:106,7,0,0
BRDA:106,7,1,0
BRDA:115,8,0,0
BRDA:115,8,1,0
BRDA:120,9,0,0
BRDA:120,9,1,0
BRDA:124,10,0,0
BRDA:124,10,1,0
BRF:20
BRH:0
end_of_record
